2025-04-17 23:00:27.286 [background-preinit] INFO  org.hibernate.validator.internal.util.Version - HV000001: Hibernate Validator 8.0.2.Final
2025-04-17 23:00:27.300 [restartedMain] INFO  com.pm.patientservice.PatientServiceApplication - Starting PatientServiceApplication using Java 17.0.12 with PID 48373 (/Users/martinjjooga/Java Projects/MediTrack/patient-service/target/classes started by martinjjooga in /Users/martinjjooga/Java Projects/MediTrack)
2025-04-17 23:00:27.302 [restartedMain] DEBUG com.pm.patientservice.PatientServiceApplication - Running with Spring Boot v3.4.4, Spring v6.2.5
2025-04-17 23:00:27.302 [restartedMain] INFO  com.pm.patientservice.PatientServiceApplication - The following 1 profile is active: "dev"
2025-04-17 23:00:27.317 [restartedMain] INFO  org.springframework.boot.devtools.env.DevToolsPropertyDefaultsPostProcessor - Devtools property defaults active! Set 'spring.devtools.add-properties' to 'false' to disable
2025-04-17 23:00:27.317 [restartedMain] INFO  org.springframework.boot.devtools.env.DevToolsPropertyDefaultsPostProcessor - For additional web related logging consider setting the 'logging.level.web' property to 'DEBUG'
2025-04-17 23:00:27.326 [restartedMain] INFO  org.springframework.boot.docker.compose.lifecycle.DockerComposeLifecycleManager - Using Docker Compose file /Users/martinjjooga/Java Projects/MediTrack/compose.yaml
2025-04-17 23:00:27.672 [OutputReader-stderr] INFO  org.springframework.boot.docker.compose.core.DockerCli -  Container meditrack-postgres-1  Created
2025-04-17 23:00:27.677 [OutputReader-stderr] INFO  org.springframework.boot.docker.compose.core.DockerCli -  Container meditrack-postgres-1  Starting
2025-04-17 23:00:27.826 [OutputReader-stderr] INFO  org.springframework.boot.docker.compose.core.DockerCli -  Container meditrack-postgres-1  Started
2025-04-17 23:00:27.826 [OutputReader-stderr] INFO  org.springframework.boot.docker.compose.core.DockerCli -  Container meditrack-postgres-1  Waiting
2025-04-17 23:00:28.330 [OutputReader-stderr] INFO  org.springframework.boot.docker.compose.core.DockerCli -  Container meditrack-postgres-1  Healthy
2025-04-17 23:00:29.090 [restartedMain] INFO  org.springframework.data.repository.config.RepositoryConfigurationDelegate - Bootstrapping Spring Data JPA repositories in DEFAULT mode.
2025-04-17 23:00:29.107 [restartedMain] INFO  org.springframework.data.repository.config.RepositoryConfigurationDelegate - Finished Spring Data repository scanning in 13 ms. Found 1 JPA repository interface.
2025-04-17 23:00:29.365 [restartedMain] INFO  org.springframework.boot.web.embedded.tomcat.TomcatWebServer - Tomcat initialized with port 80 (http)
2025-04-17 23:00:29.370 [restartedMain] INFO  org.apache.coyote.http11.Http11NioProtocol - Initializing ProtocolHandler ["http-nio-80"]
2025-04-17 23:00:29.370 [restartedMain] INFO  org.apache.catalina.core.StandardService - Starting service [Tomcat]
2025-04-17 23:00:29.370 [restartedMain] INFO  org.apache.catalina.core.StandardEngine - Starting Servlet engine: [Apache Tomcat/10.1.39]
2025-04-17 23:00:29.387 [restartedMain] INFO  org.apache.catalina.core.ContainerBase.[Tomcat].[localhost].[/] - Initializing Spring embedded WebApplicationContext
2025-04-17 23:00:29.387 [restartedMain] INFO  org.springframework.boot.web.servlet.context.ServletWebServerApplicationContext - Root WebApplicationContext: initialization completed in 720 ms
2025-04-17 23:00:29.585 [restartedMain] INFO  org.hibernate.jpa.internal.util.LogHelper - HHH000204: Processing PersistenceUnitInfo [name: default]
2025-04-17 23:00:29.612 [restartedMain] INFO  org.hibernate.Version - HHH000412: Hibernate ORM core version 6.6.11.Final
2025-04-17 23:00:29.627 [restartedMain] INFO  org.hibernate.cache.internal.RegionFactoryInitiator - HHH000026: Second-level cache disabled
2025-04-17 23:00:29.720 [restartedMain] INFO  org.springframework.orm.jpa.persistenceunit.SpringPersistenceUnitInfo - No LoadTimeWeaver setup: ignoring JPA class transformer
2025-04-17 23:00:29.732 [restartedMain] INFO  com.zaxxer.hikari.HikariDataSource - HikariPool-1 - Starting...
2025-04-17 23:00:29.812 [restartedMain] INFO  com.zaxxer.hikari.pool.HikariPool - HikariPool-1 - Added connection org.postgresql.jdbc.PgConnection@71f68661
2025-04-17 23:00:29.813 [restartedMain] INFO  com.zaxxer.hikari.HikariDataSource - HikariPool-1 - Start completed.
2025-04-17 23:00:29.831 [restartedMain] WARN  org.hibernate.orm.deprecation - HHH90000025: PostgreSQLDialect does not need to be specified explicitly using 'hibernate.dialect' (remove the property setting and it will be selected by default)
2025-04-17 23:00:29.840 [restartedMain] INFO  org.hibernate.orm.connections.pooling - HHH10001005: Database info:
	Database JDBC URL [Connecting through datasource 'HikariDataSource (HikariPool-1)']
	Database driver: undefined/unknown
	Database version: 17.4
	Autocommit mode: undefined/unknown
	Isolation level: undefined/unknown
	Minimum pool size: undefined/unknown
	Maximum pool size: undefined/unknown
2025-04-17 23:00:30.215 [restartedMain] INFO  org.hibernate.engine.transaction.jta.platform.internal.JtaPlatformInitiator - HHH000489: No JTA platform available (set 'hibernate.transaction.jta.platform' to enable JTA platform integration)
2025-04-17 23:00:30.374 [restartedMain] INFO  org.springframework.orm.jpa.LocalContainerEntityManagerFactoryBean - Initialized JPA EntityManagerFactory for persistence unit 'default'
2025-04-17 23:00:30.618 [restartedMain] WARN  org.springframework.boot.autoconfigure.orm.jpa.JpaBaseConfiguration$JpaWebConfiguration - spring.jpa.open-in-view is enabled by default. Therefore, database queries may be performed during view rendering. Explicitly configure spring.jpa.open-in-view to disable this warning
2025-04-17 23:00:31.021 [restartedMain] INFO  org.springframework.boot.devtools.autoconfigure.OptionalLiveReloadServer - LiveReload server is running on port 35729
2025-04-17 23:00:31.025 [restartedMain] INFO  org.springframework.boot.actuate.endpoint.web.EndpointLinksResolver - Exposing 4 endpoints beneath base path '/actuator'
2025-04-17 23:00:31.046 [restartedMain] WARN  io.micrometer.core.instrument.MeterRegistry - This Gauge has been already registered (MeterId{name='jvm.buffer.count', tags=[tag(application=patient-service),tag(id=mapped)]}), the Gauge registration will be ignored. Note that subsequent logs will be logged at debug level.
2025-04-17 23:00:31.055 [restartedMain] INFO  org.apache.coyote.http11.Http11NioProtocol - Starting ProtocolHandler ["http-nio-80"]
2025-04-17 23:00:31.062 [restartedMain] INFO  org.springframework.boot.web.embedded.tomcat.TomcatWebServer - Tomcat started on port 80 (http) with context path '/'
2025-04-17 23:00:31.070 [restartedMain] INFO  com.pm.patientservice.PatientServiceApplication - Started PatientServiceApplication in 3.871 seconds (process running for 4.314)
2025-04-17 23:00:31.408 [RMI TCP Connection(4)-192.168.1.37] INFO  org.apache.catalina.core.ContainerBase.[Tomcat].[localhost].[/] - Initializing Spring DispatcherServlet 'dispatcherServlet'
2025-04-17 23:00:31.409 [RMI TCP Connection(4)-192.168.1.37] INFO  org.springframework.web.servlet.DispatcherServlet - Initializing Servlet 'dispatcherServlet'
2025-04-17 23:00:31.410 [RMI TCP Connection(4)-192.168.1.37] INFO  org.springframework.web.servlet.DispatcherServlet - Completed initialization in 1 ms
2025-04-17 23:01:06.681 [http-nio-80-exec-3] INFO  com.pm.patientservice.controller.PatientController - Retrieving all patients
2025-04-17 23:01:06.693 [http-nio-80-exec-3] INFO  com.pm.patientservice.service.PatientServiceImpl - Retrieving all patients
2025-04-17 23:01:06.765 [http-nio-80-exec-3] INFO  com.pm.patientservice.service.PatientServiceImpl - Successfully retrieved 0 patients
2025-04-17 23:01:06.767 [http-nio-80-exec-3] INFO  com.pm.patientservice.controller.PatientController - Successfully retrieved 0 patients
2025-04-17 23:07:01.688 [http-nio-80-exec-4] WARN  org.springframework.web.servlet.mvc.method.annotation.ExceptionHandlerExceptionResolver - Resolved [jakarta.servlet.ServletException: Handler dispatch failed: java.lang.NoSuchMethodError: 'void org.springframework.web.method.ControllerAdviceBean.<init>(java.lang.Object)']
2025-04-17 23:07:06.850 [http-nio-80-exec-10] WARN  org.springframework.web.servlet.mvc.method.annotation.ExceptionHandlerExceptionResolver - Resolved [jakarta.servlet.ServletException: Handler dispatch failed: java.lang.NoSuchMethodError: 'void org.springframework.web.method.ControllerAdviceBean.<init>(java.lang.Object)']
2025-04-17 23:07:06.891 [http-nio-80-exec-1] WARN  org.springframework.web.servlet.mvc.method.annotation.ExceptionHandlerExceptionResolver - Resolved [org.springframework.web.servlet.resource.NoResourceFoundException: No static resource favicon.ico.]
2025-04-17 23:09:09.419 [http-nio-80-exec-9] INFO  com.pm.patientservice.controller.PatientController - Retrieving all patients
2025-04-17 23:09:09.428 [http-nio-80-exec-9] INFO  com.pm.patientservice.service.PatientServiceImpl - Retrieving all patients
2025-04-17 23:09:09.439 [http-nio-80-exec-9] INFO  com.pm.patientservice.service.PatientServiceImpl - Successfully retrieved 0 patients
2025-04-17 23:09:09.441 [http-nio-80-exec-9] INFO  com.pm.patientservice.controller.PatientController - Successfully retrieved 0 patients
2025-04-17 23:09:17.142 [http-nio-80-exec-2] WARN  org.springframework.web.servlet.mvc.method.annotation.ExceptionHandlerExceptionResolver - Resolved [org.springframework.web.bind.MethodArgumentNotValidException: Validation failed for argument [0] in public org.springframework.http.ResponseEntity<com.pm.patientservice.dto.PatientResponse> com.pm.patientservice.controller.PatientController.createPatient(com.pm.patientservice.dto.PatientCreateRequest): [Field error in object 'patientCreateRequest' on field 'insuranceInfo.expirationDate': rejected value [Sun Dec 31 01:00:00 CET 2023]; codes [Future.patientCreateRequest.insuranceInfo.expirationDate,Future.insuranceInfo.expirationDate,Future.expirationDate,Future.java.util.Date,Future]; arguments [org.springframework.context.support.DefaultMessageSourceResolvable: codes [patientCreateRequest.insuranceInfo.expirationDate,insuranceInfo.expirationDate]; arguments []; default message [insuranceInfo.expirationDate]]; default message [Expiration date must be in the future]] ]
2025-04-17 23:09:55.990 [http-nio-80-exec-4] INFO  com.pm.patientservice.controller.PatientController - Creating new patient with medical record number: MRN12345
2025-04-17 23:09:56.000 [http-nio-80-exec-4] INFO  com.pm.patientservice.service.PatientServiceImpl - Creating new patient with medical record number: MRN12345
2025-04-17 23:09:56.039 [http-nio-80-exec-4] DEBUG com.pm.patientservice.service.PatientServiceImpl - Converting patient request to entity
2025-04-17 23:09:56.040 [http-nio-80-exec-4] DEBUG com.pm.patientservice.service.PatientServiceImpl - Saving patient to database
2025-04-17 23:09:56.074 [http-nio-80-exec-4] INFO  com.pm.patientservice.service.PatientServiceImpl - Successfully created patient with ID: 8528e063-0761-49cc-8a9a-e095766b0f6a
2025-04-17 23:09:56.081 [http-nio-80-exec-4] INFO  com.pm.patientservice.controller.PatientController - Successfully created patient with ID: 8528e063-0761-49cc-8a9a-e095766b0f6a
2025-04-17 23:10:03.770 [http-nio-80-exec-5] INFO  com.pm.patientservice.controller.PatientController - Creating new patient with medical record number: MRN12345
2025-04-17 23:10:03.777 [http-nio-80-exec-5] INFO  com.pm.patientservice.service.PatientServiceImpl - Creating new patient with medical record number: MRN12345
2025-04-17 23:10:03.798 [http-nio-80-exec-5] WARN  com.pm.patientservice.service.PatientServiceImpl - Patient with medical record number MRN12345 already exists
2025-04-17 23:10:03.803 [http-nio-80-exec-5] ERROR com.pm.patientservice.controller.PatientController - Failed to create patient: Patient with medicalRecordNumber: MRN12345 already exists
com.pm.patientservice.exception.PatientAlreadyExistsException: Patient with medicalRecordNumber: MRN12345 already exists
	at com.pm.patientservice.service.PatientServiceImpl.lambda$createPatient$0(PatientServiceImpl.java:91) ~[classes/:?]
	at io.micrometer.core.instrument.AbstractTimer.record(AbstractTimer.java:190) ~[micrometer-core-1.14.5.jar:1.14.5]
	at com.pm.patientservice.service.PatientServiceImpl.createPatient(PatientServiceImpl.java:86) ~[classes/:?]
	at java.base/jdk.internal.reflect.NativeMethodAccessorImpl.invoke0(Native Method) ~[?:?]
	at java.base/jdk.internal.reflect.NativeMethodAccessorImpl.invoke(NativeMethodAccessorImpl.java:77) ~[?:?]
	at java.base/jdk.internal.reflect.DelegatingMethodAccessorImpl.invoke(DelegatingMethodAccessorImpl.java:43) ~[?:?]
	at java.base/java.lang.reflect.Method.invoke(Method.java:568) ~[?:?]
	at org.springframework.aop.support.AopUtils.invokeJoinpointUsingReflection(AopUtils.java:359) ~[spring-aop-6.2.5.jar:6.2.5]
	at org.springframework.aop.framework.ReflectiveMethodInvocation.invokeJoinpoint(ReflectiveMethodInvocation.java:196) ~[spring-aop-6.2.5.jar:6.2.5]
	at org.springframework.aop.framework.ReflectiveMethodInvocation.proceed(ReflectiveMethodInvocation.java:163) ~[spring-aop-6.2.5.jar:6.2.5]
	at org.springframework.aop.aspectj.MethodInvocationProceedingJoinPoint.proceed(MethodInvocationProceedingJoinPoint.java:89) ~[spring-aop-6.2.5.jar:6.2.5]
	at io.micrometer.core.aop.TimedAspect.processWithTimer(TimedAspect.java:258) ~[micrometer-core-1.14.5.jar:1.14.5]
	at io.micrometer.core.aop.TimedAspect.perform(TimedAspect.java:225) ~[micrometer-core-1.14.5.jar:1.14.5]
	at io.micrometer.core.aop.TimedAspect.ajc$inlineAccessMethod$io_micrometer_core_aop_TimedAspect$io_micrometer_core_aop_TimedAspect$perform(TimedAspect.java:1) ~[micrometer-core-1.14.5.jar:1.14.5]
	at io.micrometer.core.aop.TimedAspect.timedMethod(TimedAspect.java:217) ~[micrometer-core-1.14.5.jar:1.14.5]
	at java.base/jdk.internal.reflect.NativeMethodAccessorImpl.invoke0(Native Method) ~[?:?]
	at java.base/jdk.internal.reflect.NativeMethodAccessorImpl.invoke(NativeMethodAccessorImpl.java:77) ~[?:?]
	at java.base/jdk.internal.reflect.DelegatingMethodAccessorImpl.invoke(DelegatingMethodAccessorImpl.java:43) ~[?:?]
	at java.base/java.lang.reflect.Method.invoke(Method.java:568) ~[?:?]
	at org.springframework.aop.aspectj.AbstractAspectJAdvice.invokeAdviceMethodWithGivenArgs(AbstractAspectJAdvice.java:642) ~[spring-aop-6.2.5.jar:6.2.5]
	at org.springframework.aop.aspectj.AbstractAspectJAdvice.invokeAdviceMethod(AbstractAspectJAdvice.java:632) ~[spring-aop-6.2.5.jar:6.2.5]
	at org.springframework.aop.aspectj.AspectJAroundAdvice.invoke(AspectJAroundAdvice.java:71) ~[spring-aop-6.2.5.jar:6.2.5]
	at org.springframework.aop.framework.ReflectiveMethodInvocation.proceed(ReflectiveMethodInvocation.java:184) ~[spring-aop-6.2.5.jar:6.2.5]
	at org.springframework.transaction.interceptor.TransactionAspectSupport.invokeWithinTransaction(TransactionAspectSupport.java:380) ~[spring-tx-6.2.5.jar:6.2.5]
	at org.springframework.transaction.interceptor.TransactionInterceptor.invoke(TransactionInterceptor.java:119) ~[spring-tx-6.2.5.jar:6.2.5]
	at org.springframework.aop.framework.ReflectiveMethodInvocation.proceed(ReflectiveMethodInvocation.java:184) ~[spring-aop-6.2.5.jar:6.2.5]
	at org.springframework.aop.interceptor.ExposeInvocationInterceptor.invoke(ExposeInvocationInterceptor.java:97) ~[spring-aop-6.2.5.jar:6.2.5]
	at org.springframework.aop.framework.ReflectiveMethodInvocation.proceed(ReflectiveMethodInvocation.java:184) ~[spring-aop-6.2.5.jar:6.2.5]
	at org.springframework.aop.framework.CglibAopProxy$DynamicAdvisedInterceptor.intercept(CglibAopProxy.java:727) ~[spring-aop-6.2.5.jar:6.2.5]
	at com.pm.patientservice.service.PatientServiceImpl$$SpringCGLIB$$0.createPatient(<generated>) ~[classes/:?]
	at com.pm.patientservice.controller.PatientController.createPatient(PatientController.java:77) [classes/:?]
	at java.base/jdk.internal.reflect.NativeMethodAccessorImpl.invoke0(Native Method) ~[?:?]
	at java.base/jdk.internal.reflect.NativeMethodAccessorImpl.invoke(NativeMethodAccessorImpl.java:77) ~[?:?]
	at java.base/jdk.internal.reflect.DelegatingMethodAccessorImpl.invoke(DelegatingMethodAccessorImpl.java:43) ~[?:?]
	at java.base/java.lang.reflect.Method.invoke(Method.java:568) ~[?:?]
	at org.springframework.web.method.support.InvocableHandlerMethod.doInvoke(InvocableHandlerMethod.java:258) [spring-web-6.2.5.jar:6.2.5]
	at org.springframework.web.method.support.InvocableHandlerMethod.invokeForRequest(InvocableHandlerMethod.java:191) [spring-web-6.2.5.jar:6.2.5]
	at org.springframework.web.servlet.mvc.method.annotation.ServletInvocableHandlerMethod.invokeAndHandle(ServletInvocableHandlerMethod.java:118) [spring-webmvc-6.2.5.jar:6.2.5]
	at org.springframework.web.servlet.mvc.method.annotation.RequestMappingHandlerAdapter.invokeHandlerMethod(RequestMappingHandlerAdapter.java:986) [spring-webmvc-6.2.5.jar:6.2.5]
	at org.springframework.web.servlet.mvc.method.annotation.RequestMappingHandlerAdapter.handleInternal(RequestMappingHandlerAdapter.java:891) [spring-webmvc-6.2.5.jar:6.2.5]
	at org.springframework.web.servlet.mvc.method.AbstractHandlerMethodAdapter.handle(AbstractHandlerMethodAdapter.java:87) [spring-webmvc-6.2.5.jar:6.2.5]
	at org.springframework.web.servlet.DispatcherServlet.doDispatch(DispatcherServlet.java:1089) [spring-webmvc-6.2.5.jar:6.2.5]
	at org.springframework.web.servlet.DispatcherServlet.doService(DispatcherServlet.java:979) [spring-webmvc-6.2.5.jar:6.2.5]
	at org.springframework.web.servlet.FrameworkServlet.processRequest(FrameworkServlet.java:1014) [spring-webmvc-6.2.5.jar:6.2.5]
	at org.springframework.web.servlet.FrameworkServlet.doPost(FrameworkServlet.java:914) [spring-webmvc-6.2.5.jar:6.2.5]
	at jakarta.servlet.http.HttpServlet.service(HttpServlet.java:590) [tomcat-embed-core-10.1.39.jar:6.0]
	at org.springframework.web.servlet.FrameworkServlet.service(FrameworkServlet.java:885) [spring-webmvc-6.2.5.jar:6.2.5]
	at jakarta.servlet.http.HttpServlet.service(HttpServlet.java:658) [tomcat-embed-core-10.1.39.jar:6.0]
	at org.apache.catalina.core.ApplicationFilterChain.internalDoFilter(ApplicationFilterChain.java:195) [tomcat-embed-core-10.1.39.jar:10.1.39]
	at org.apache.catalina.core.ApplicationFilterChain.doFilter(ApplicationFilterChain.java:140) [tomcat-embed-core-10.1.39.jar:10.1.39]
	at org.apache.tomcat.websocket.server.WsFilter.doFilter(WsFilter.java:51) [tomcat-embed-websocket-10.1.39.jar:10.1.39]
	at org.apache.catalina.core.ApplicationFilterChain.internalDoFilter(ApplicationFilterChain.java:164) [tomcat-embed-core-10.1.39.jar:10.1.39]
	at org.apache.catalina.core.ApplicationFilterChain.doFilter(ApplicationFilterChain.java:140) [tomcat-embed-core-10.1.39.jar:10.1.39]
	at org.springframework.web.filter.RequestContextFilter.doFilterInternal(RequestContextFilter.java:100) [spring-web-6.2.5.jar:6.2.5]
	at org.springframework.web.filter.OncePerRequestFilter.doFilter(OncePerRequestFilter.java:116) [spring-web-6.2.5.jar:6.2.5]
	at org.apache.catalina.core.ApplicationFilterChain.internalDoFilter(ApplicationFilterChain.java:164) [tomcat-embed-core-10.1.39.jar:10.1.39]
	at org.apache.catalina.core.ApplicationFilterChain.doFilter(ApplicationFilterChain.java:140) [tomcat-embed-core-10.1.39.jar:10.1.39]
	at org.springframework.web.filter.FormContentFilter.doFilterInternal(FormContentFilter.java:93) [spring-web-6.2.5.jar:6.2.5]
	at org.springframework.web.filter.OncePerRequestFilter.doFilter(OncePerRequestFilter.java:116) [spring-web-6.2.5.jar:6.2.5]
	at org.apache.catalina.core.ApplicationFilterChain.internalDoFilter(ApplicationFilterChain.java:164) [tomcat-embed-core-10.1.39.jar:10.1.39]
	at org.apache.catalina.core.ApplicationFilterChain.doFilter(ApplicationFilterChain.java:140) [tomcat-embed-core-10.1.39.jar:10.1.39]
	at org.springframework.web.filter.ServerHttpObservationFilter.doFilterInternal(ServerHttpObservationFilter.java:114) [spring-web-6.2.5.jar:6.2.5]
	at org.springframework.web.filter.OncePerRequestFilter.doFilter(OncePerRequestFilter.java:116) [spring-web-6.2.5.jar:6.2.5]
	at org.apache.catalina.core.ApplicationFilterChain.internalDoFilter(ApplicationFilterChain.java:164) [tomcat-embed-core-10.1.39.jar:10.1.39]
	at org.apache.catalina.core.ApplicationFilterChain.doFilter(ApplicationFilterChain.java:140) [tomcat-embed-core-10.1.39.jar:10.1.39]
	at org.springframework.web.filter.CharacterEncodingFilter.doFilterInternal(CharacterEncodingFilter.java:201) [spring-web-6.2.5.jar:6.2.5]
	at org.springframework.web.filter.OncePerRequestFilter.doFilter(OncePerRequestFilter.java:116) [spring-web-6.2.5.jar:6.2.5]
	at org.apache.catalina.core.ApplicationFilterChain.internalDoFilter(ApplicationFilterChain.java:164) [tomcat-embed-core-10.1.39.jar:10.1.39]
	at org.apache.catalina.core.ApplicationFilterChain.doFilter(ApplicationFilterChain.java:140) [tomcat-embed-core-10.1.39.jar:10.1.39]
	at org.apache.catalina.core.StandardWrapperValve.invoke(StandardWrapperValve.java:167) [tomcat-embed-core-10.1.39.jar:10.1.39]
	at org.apache.catalina.core.StandardContextValve.invoke(StandardContextValve.java:90) [tomcat-embed-core-10.1.39.jar:10.1.39]
	at org.apache.catalina.authenticator.AuthenticatorBase.invoke(AuthenticatorBase.java:483) [tomcat-embed-core-10.1.39.jar:10.1.39]
	at org.apache.catalina.core.StandardHostValve.invoke(StandardHostValve.java:115) [tomcat-embed-core-10.1.39.jar:10.1.39]
	at org.apache.catalina.valves.ErrorReportValve.invoke(ErrorReportValve.java:93) [tomcat-embed-core-10.1.39.jar:10.1.39]
	at org.apache.catalina.core.StandardEngineValve.invoke(StandardEngineValve.java:74) [tomcat-embed-core-10.1.39.jar:10.1.39]
	at org.apache.catalina.connector.CoyoteAdapter.service(CoyoteAdapter.java:344) [tomcat-embed-core-10.1.39.jar:10.1.39]
	at org.apache.coyote.http11.Http11Processor.service(Http11Processor.java:397) [tomcat-embed-core-10.1.39.jar:10.1.39]
	at org.apache.coyote.AbstractProcessorLight.process(AbstractProcessorLight.java:63) [tomcat-embed-core-10.1.39.jar:10.1.39]
	at org.apache.coyote.AbstractProtocol$ConnectionHandler.process(AbstractProtocol.java:905) [tomcat-embed-core-10.1.39.jar:10.1.39]
	at org.apache.tomcat.util.net.NioEndpoint$SocketProcessor.doRun(NioEndpoint.java:1743) [tomcat-embed-core-10.1.39.jar:10.1.39]
	at org.apache.tomcat.util.net.SocketProcessorBase.run(SocketProcessorBase.java:52) [tomcat-embed-core-10.1.39.jar:10.1.39]
	at org.apache.tomcat.util.threads.ThreadPoolExecutor.runWorker(ThreadPoolExecutor.java:1190) [tomcat-embed-core-10.1.39.jar:10.1.39]
	at org.apache.tomcat.util.threads.ThreadPoolExecutor$Worker.run(ThreadPoolExecutor.java:659) [tomcat-embed-core-10.1.39.jar:10.1.39]
	at org.apache.tomcat.util.threads.TaskThread$WrappingRunnable.run(TaskThread.java:63) [tomcat-embed-core-10.1.39.jar:10.1.39]
	at java.base/java.lang.Thread.run(Thread.java:842) [?:?]
2025-04-17 23:10:03.814 [http-nio-80-exec-5] WARN  org.springframework.web.servlet.mvc.method.annotation.ExceptionHandlerExceptionResolver - Resolved [com.pm.patientservice.exception.PatientAlreadyExistsException: Patient with medicalRecordNumber: MRN12345 already exists]
2025-04-17 23:10:53.130 [http-nio-80-exec-7] INFO  com.pm.patientservice.controller.PatientController - Creating new patient with medical record number: MRN12346
2025-04-17 23:10:53.137 [http-nio-80-exec-7] INFO  com.pm.patientservice.service.PatientServiceImpl - Creating new patient with medical record number: MRN12346
2025-04-17 23:10:53.154 [http-nio-80-exec-7] WARN  com.pm.patientservice.service.PatientServiceImpl - Patient with phone number +1 555-123-4567 already exists
2025-04-17 23:10:53.155 [http-nio-80-exec-7] ERROR com.pm.patientservice.controller.PatientController - Failed to create patient: Patient with phoneNumber: +1 555-123-4567 already exists
com.pm.patientservice.exception.PatientAlreadyExistsException: Patient with phoneNumber: +1 555-123-4567 already exists
	at com.pm.patientservice.service.PatientServiceImpl.lambda$createPatient$0(PatientServiceImpl.java:103) ~[classes/:?]
	at io.micrometer.core.instrument.AbstractTimer.record(AbstractTimer.java:190) ~[micrometer-core-1.14.5.jar:1.14.5]
	at com.pm.patientservice.service.PatientServiceImpl.createPatient(PatientServiceImpl.java:86) ~[classes/:?]
	at java.base/jdk.internal.reflect.NativeMethodAccessorImpl.invoke0(Native Method) ~[?:?]
	at java.base/jdk.internal.reflect.NativeMethodAccessorImpl.invoke(NativeMethodAccessorImpl.java:77) ~[?:?]
	at java.base/jdk.internal.reflect.DelegatingMethodAccessorImpl.invoke(DelegatingMethodAccessorImpl.java:43) ~[?:?]
	at java.base/java.lang.reflect.Method.invoke(Method.java:568) ~[?:?]
	at org.springframework.aop.support.AopUtils.invokeJoinpointUsingReflection(AopUtils.java:359) ~[spring-aop-6.2.5.jar:6.2.5]
	at org.springframework.aop.framework.ReflectiveMethodInvocation.invokeJoinpoint(ReflectiveMethodInvocation.java:196) ~[spring-aop-6.2.5.jar:6.2.5]
	at org.springframework.aop.framework.ReflectiveMethodInvocation.proceed(ReflectiveMethodInvocation.java:163) ~[spring-aop-6.2.5.jar:6.2.5]
	at org.springframework.aop.aspectj.MethodInvocationProceedingJoinPoint.proceed(MethodInvocationProceedingJoinPoint.java:89) ~[spring-aop-6.2.5.jar:6.2.5]
	at io.micrometer.core.aop.TimedAspect.processWithTimer(TimedAspect.java:258) ~[micrometer-core-1.14.5.jar:1.14.5]
	at io.micrometer.core.aop.TimedAspect.perform(TimedAspect.java:225) ~[micrometer-core-1.14.5.jar:1.14.5]
	at io.micrometer.core.aop.TimedAspect.ajc$inlineAccessMethod$io_micrometer_core_aop_TimedAspect$io_micrometer_core_aop_TimedAspect$perform(TimedAspect.java:1) ~[micrometer-core-1.14.5.jar:1.14.5]
	at io.micrometer.core.aop.TimedAspect.timedMethod(TimedAspect.java:217) ~[micrometer-core-1.14.5.jar:1.14.5]
	at java.base/jdk.internal.reflect.NativeMethodAccessorImpl.invoke0(Native Method) ~[?:?]
	at java.base/jdk.internal.reflect.NativeMethodAccessorImpl.invoke(NativeMethodAccessorImpl.java:77) ~[?:?]
	at java.base/jdk.internal.reflect.DelegatingMethodAccessorImpl.invoke(DelegatingMethodAccessorImpl.java:43) ~[?:?]
	at java.base/java.lang.reflect.Method.invoke(Method.java:568) ~[?:?]
	at org.springframework.aop.aspectj.AbstractAspectJAdvice.invokeAdviceMethodWithGivenArgs(AbstractAspectJAdvice.java:642) ~[spring-aop-6.2.5.jar:6.2.5]
	at org.springframework.aop.aspectj.AbstractAspectJAdvice.invokeAdviceMethod(AbstractAspectJAdvice.java:632) ~[spring-aop-6.2.5.jar:6.2.5]
	at org.springframework.aop.aspectj.AspectJAroundAdvice.invoke(AspectJAroundAdvice.java:71) ~[spring-aop-6.2.5.jar:6.2.5]
	at org.springframework.aop.framework.ReflectiveMethodInvocation.proceed(ReflectiveMethodInvocation.java:184) ~[spring-aop-6.2.5.jar:6.2.5]
	at org.springframework.transaction.interceptor.TransactionAspectSupport.invokeWithinTransaction(TransactionAspectSupport.java:380) ~[spring-tx-6.2.5.jar:6.2.5]
	at org.springframework.transaction.interceptor.TransactionInterceptor.invoke(TransactionInterceptor.java:119) ~[spring-tx-6.2.5.jar:6.2.5]
	at org.springframework.aop.framework.ReflectiveMethodInvocation.proceed(ReflectiveMethodInvocation.java:184) ~[spring-aop-6.2.5.jar:6.2.5]
	at org.springframework.aop.interceptor.ExposeInvocationInterceptor.invoke(ExposeInvocationInterceptor.java:97) ~[spring-aop-6.2.5.jar:6.2.5]
	at org.springframework.aop.framework.ReflectiveMethodInvocation.proceed(ReflectiveMethodInvocation.java:184) ~[spring-aop-6.2.5.jar:6.2.5]
	at org.springframework.aop.framework.CglibAopProxy$DynamicAdvisedInterceptor.intercept(CglibAopProxy.java:727) ~[spring-aop-6.2.5.jar:6.2.5]
	at com.pm.patientservice.service.PatientServiceImpl$$SpringCGLIB$$0.createPatient(<generated>) ~[classes/:?]
	at com.pm.patientservice.controller.PatientController.createPatient(PatientController.java:77) [classes/:?]
	at java.base/jdk.internal.reflect.NativeMethodAccessorImpl.invoke0(Native Method) ~[?:?]
	at java.base/jdk.internal.reflect.NativeMethodAccessorImpl.invoke(NativeMethodAccessorImpl.java:77) ~[?:?]
	at java.base/jdk.internal.reflect.DelegatingMethodAccessorImpl.invoke(DelegatingMethodAccessorImpl.java:43) ~[?:?]
	at java.base/java.lang.reflect.Method.invoke(Method.java:568) ~[?:?]
	at org.springframework.web.method.support.InvocableHandlerMethod.doInvoke(InvocableHandlerMethod.java:258) [spring-web-6.2.5.jar:6.2.5]
	at org.springframework.web.method.support.InvocableHandlerMethod.invokeForRequest(InvocableHandlerMethod.java:191) [spring-web-6.2.5.jar:6.2.5]
	at org.springframework.web.servlet.mvc.method.annotation.ServletInvocableHandlerMethod.invokeAndHandle(ServletInvocableHandlerMethod.java:118) [spring-webmvc-6.2.5.jar:6.2.5]
	at org.springframework.web.servlet.mvc.method.annotation.RequestMappingHandlerAdapter.invokeHandlerMethod(RequestMappingHandlerAdapter.java:986) [spring-webmvc-6.2.5.jar:6.2.5]
	at org.springframework.web.servlet.mvc.method.annotation.RequestMappingHandlerAdapter.handleInternal(RequestMappingHandlerAdapter.java:891) [spring-webmvc-6.2.5.jar:6.2.5]
	at org.springframework.web.servlet.mvc.method.AbstractHandlerMethodAdapter.handle(AbstractHandlerMethodAdapter.java:87) [spring-webmvc-6.2.5.jar:6.2.5]
	at org.springframework.web.servlet.DispatcherServlet.doDispatch(DispatcherServlet.java:1089) [spring-webmvc-6.2.5.jar:6.2.5]
	at org.springframework.web.servlet.DispatcherServlet.doService(DispatcherServlet.java:979) [spring-webmvc-6.2.5.jar:6.2.5]
	at org.springframework.web.servlet.FrameworkServlet.processRequest(FrameworkServlet.java:1014) [spring-webmvc-6.2.5.jar:6.2.5]
	at org.springframework.web.servlet.FrameworkServlet.doPost(FrameworkServlet.java:914) [spring-webmvc-6.2.5.jar:6.2.5]
	at jakarta.servlet.http.HttpServlet.service(HttpServlet.java:590) [tomcat-embed-core-10.1.39.jar:6.0]
	at org.springframework.web.servlet.FrameworkServlet.service(FrameworkServlet.java:885) [spring-webmvc-6.2.5.jar:6.2.5]
	at jakarta.servlet.http.HttpServlet.service(HttpServlet.java:658) [tomcat-embed-core-10.1.39.jar:6.0]
	at org.apache.catalina.core.ApplicationFilterChain.internalDoFilter(ApplicationFilterChain.java:195) [tomcat-embed-core-10.1.39.jar:10.1.39]
	at org.apache.catalina.core.ApplicationFilterChain.doFilter(ApplicationFilterChain.java:140) [tomcat-embed-core-10.1.39.jar:10.1.39]
	at org.apache.tomcat.websocket.server.WsFilter.doFilter(WsFilter.java:51) [tomcat-embed-websocket-10.1.39.jar:10.1.39]
	at org.apache.catalina.core.ApplicationFilterChain.internalDoFilter(ApplicationFilterChain.java:164) [tomcat-embed-core-10.1.39.jar:10.1.39]
	at org.apache.catalina.core.ApplicationFilterChain.doFilter(ApplicationFilterChain.java:140) [tomcat-embed-core-10.1.39.jar:10.1.39]
	at org.springframework.web.filter.RequestContextFilter.doFilterInternal(RequestContextFilter.java:100) [spring-web-6.2.5.jar:6.2.5]
	at org.springframework.web.filter.OncePerRequestFilter.doFilter(OncePerRequestFilter.java:116) [spring-web-6.2.5.jar:6.2.5]
	at org.apache.catalina.core.ApplicationFilterChain.internalDoFilter(ApplicationFilterChain.java:164) [tomcat-embed-core-10.1.39.jar:10.1.39]
	at org.apache.catalina.core.ApplicationFilterChain.doFilter(ApplicationFilterChain.java:140) [tomcat-embed-core-10.1.39.jar:10.1.39]
	at org.springframework.web.filter.FormContentFilter.doFilterInternal(FormContentFilter.java:93) [spring-web-6.2.5.jar:6.2.5]
	at org.springframework.web.filter.OncePerRequestFilter.doFilter(OncePerRequestFilter.java:116) [spring-web-6.2.5.jar:6.2.5]
	at org.apache.catalina.core.ApplicationFilterChain.internalDoFilter(ApplicationFilterChain.java:164) [tomcat-embed-core-10.1.39.jar:10.1.39]
	at org.apache.catalina.core.ApplicationFilterChain.doFilter(ApplicationFilterChain.java:140) [tomcat-embed-core-10.1.39.jar:10.1.39]
	at org.springframework.web.filter.ServerHttpObservationFilter.doFilterInternal(ServerHttpObservationFilter.java:114) [spring-web-6.2.5.jar:6.2.5]
	at org.springframework.web.filter.OncePerRequestFilter.doFilter(OncePerRequestFilter.java:116) [spring-web-6.2.5.jar:6.2.5]
	at org.apache.catalina.core.ApplicationFilterChain.internalDoFilter(ApplicationFilterChain.java:164) [tomcat-embed-core-10.1.39.jar:10.1.39]
	at org.apache.catalina.core.ApplicationFilterChain.doFilter(ApplicationFilterChain.java:140) [tomcat-embed-core-10.1.39.jar:10.1.39]
	at org.springframework.web.filter.CharacterEncodingFilter.doFilterInternal(CharacterEncodingFilter.java:201) [spring-web-6.2.5.jar:6.2.5]
	at org.springframework.web.filter.OncePerRequestFilter.doFilter(OncePerRequestFilter.java:116) [spring-web-6.2.5.jar:6.2.5]
	at org.apache.catalina.core.ApplicationFilterChain.internalDoFilter(ApplicationFilterChain.java:164) [tomcat-embed-core-10.1.39.jar:10.1.39]
	at org.apache.catalina.core.ApplicationFilterChain.doFilter(ApplicationFilterChain.java:140) [tomcat-embed-core-10.1.39.jar:10.1.39]
	at org.apache.catalina.core.StandardWrapperValve.invoke(StandardWrapperValve.java:167) [tomcat-embed-core-10.1.39.jar:10.1.39]
	at org.apache.catalina.core.StandardContextValve.invoke(StandardContextValve.java:90) [tomcat-embed-core-10.1.39.jar:10.1.39]
	at org.apache.catalina.authenticator.AuthenticatorBase.invoke(AuthenticatorBase.java:483) [tomcat-embed-core-10.1.39.jar:10.1.39]
	at org.apache.catalina.core.StandardHostValve.invoke(StandardHostValve.java:115) [tomcat-embed-core-10.1.39.jar:10.1.39]
	at org.apache.catalina.valves.ErrorReportValve.invoke(ErrorReportValve.java:93) [tomcat-embed-core-10.1.39.jar:10.1.39]
	at org.apache.catalina.core.StandardEngineValve.invoke(StandardEngineValve.java:74) [tomcat-embed-core-10.1.39.jar:10.1.39]
	at org.apache.catalina.connector.CoyoteAdapter.service(CoyoteAdapter.java:344) [tomcat-embed-core-10.1.39.jar:10.1.39]
	at org.apache.coyote.http11.Http11Processor.service(Http11Processor.java:397) [tomcat-embed-core-10.1.39.jar:10.1.39]
	at org.apache.coyote.AbstractProcessorLight.process(AbstractProcessorLight.java:63) [tomcat-embed-core-10.1.39.jar:10.1.39]
	at org.apache.coyote.AbstractProtocol$ConnectionHandler.process(AbstractProtocol.java:905) [tomcat-embed-core-10.1.39.jar:10.1.39]
	at org.apache.tomcat.util.net.NioEndpoint$SocketProcessor.doRun(NioEndpoint.java:1743) [tomcat-embed-core-10.1.39.jar:10.1.39]
	at org.apache.tomcat.util.net.SocketProcessorBase.run(SocketProcessorBase.java:52) [tomcat-embed-core-10.1.39.jar:10.1.39]
	at org.apache.tomcat.util.threads.ThreadPoolExecutor.runWorker(ThreadPoolExecutor.java:1190) [tomcat-embed-core-10.1.39.jar:10.1.39]
	at org.apache.tomcat.util.threads.ThreadPoolExecutor$Worker.run(ThreadPoolExecutor.java:659) [tomcat-embed-core-10.1.39.jar:10.1.39]
	at org.apache.tomcat.util.threads.TaskThread$WrappingRunnable.run(TaskThread.java:63) [tomcat-embed-core-10.1.39.jar:10.1.39]
	at java.base/java.lang.Thread.run(Thread.java:842) [?:?]
2025-04-17 23:10:53.171 [http-nio-80-exec-7] WARN  org.springframework.web.servlet.mvc.method.annotation.ExceptionHandlerExceptionResolver - Resolved [com.pm.patientservice.exception.PatientAlreadyExistsException: Patient with phoneNumber: +1 555-123-4567 already exists]
2025-04-17 23:11:07.686 [http-nio-80-exec-1] INFO  com.pm.patientservice.controller.PatientController - Creating new patient with medical record number: MRN12346
2025-04-17 23:11:07.692 [http-nio-80-exec-1] INFO  com.pm.patientservice.service.PatientServiceImpl - Creating new patient with medical record number: MRN12346
2025-04-17 23:11:07.704 [http-nio-80-exec-1] DEBUG com.pm.patientservice.service.PatientServiceImpl - Converting patient request to entity
2025-04-17 23:11:07.705 [http-nio-80-exec-1] DEBUG com.pm.patientservice.service.PatientServiceImpl - Saving patient to database
2025-04-17 23:11:07.716 [http-nio-80-exec-1] INFO  com.pm.patientservice.service.PatientServiceImpl - Successfully created patient with ID: 64b3fc8a-1dde-472d-b903-971a6b2af8fd
2025-04-17 23:11:07.719 [http-nio-80-exec-1] INFO  com.pm.patientservice.controller.PatientController - Successfully created patient with ID: 64b3fc8a-1dde-472d-b903-971a6b2af8fd
2025-04-17 23:11:30.617 [http-nio-80-exec-3] INFO  com.pm.patientservice.controller.PatientController - Retrieving patient with ID: 64b3fc8a-1dde-472d-b903-971a6b2af8fd
2025-04-17 23:11:30.622 [http-nio-80-exec-3] INFO  com.pm.patientservice.service.PatientServiceImpl - Retrieving patient with ID: 64b3fc8a-1dde-472d-b903-971a6b2af8fd
2025-04-17 23:11:30.647 [http-nio-80-exec-3] DEBUG com.pm.patientservice.service.PatientServiceImpl - Successfully retrieved patient with ID: 64b3fc8a-1dde-472d-b903-971a6b2af8fd
2025-04-17 23:11:30.648 [http-nio-80-exec-3] DEBUG com.pm.patientservice.controller.PatientController - Successfully retrieved patient: MRN12346
2025-04-17 23:11:51.770 [http-nio-80-exec-4] INFO  com.pm.patientservice.controller.PatientController - Retrieving patient with ID: 64b3fc8a-1dde-472d-b903-971a6b2af8fd
2025-04-17 23:11:51.777 [http-nio-80-exec-4] INFO  com.pm.patientservice.service.PatientServiceImpl - Retrieving patient with ID: 64b3fc8a-1dde-472d-b903-971a6b2af8fd
2025-04-17 23:11:51.789 [http-nio-80-exec-4] DEBUG com.pm.patientservice.service.PatientServiceImpl - Successfully retrieved patient with ID: 64b3fc8a-1dde-472d-b903-971a6b2af8fd
2025-04-17 23:11:51.790 [http-nio-80-exec-4] DEBUG com.pm.patientservice.controller.PatientController - Successfully retrieved patient: MRN12346
2025-04-17 23:12:17.686 [http-nio-80-exec-5] INFO  com.pm.patientservice.controller.PatientController - Retrieving all patients
2025-04-17 23:12:17.694 [http-nio-80-exec-5] INFO  com.pm.patientservice.service.PatientServiceImpl - Retrieving all patients
2025-04-17 23:12:17.714 [http-nio-80-exec-5] INFO  com.pm.patientservice.service.PatientServiceImpl - Successfully retrieved 2 patients
2025-04-17 23:12:17.715 [http-nio-80-exec-5] INFO  com.pm.patientservice.controller.PatientController - Successfully retrieved 2 patients
2025-04-17 23:12:45.302 [http-nio-80-exec-7] INFO  com.pm.patientservice.controller.PatientController - Retrieving all patients
2025-04-17 23:12:45.306 [http-nio-80-exec-7] INFO  com.pm.patientservice.service.PatientServiceImpl - Retrieving all patients
2025-04-17 23:12:45.320 [http-nio-80-exec-7] INFO  com.pm.patientservice.service.PatientServiceImpl - Successfully retrieved 2 patients
2025-04-17 23:12:45.321 [http-nio-80-exec-7] INFO  com.pm.patientservice.controller.PatientController - Successfully retrieved 2 patients
2025-04-17 23:21:37.814 [SpringApplicationShutdownHook] INFO  org.springframework.boot.web.embedded.tomcat.GracefulShutdown - Commencing graceful shutdown. Waiting for active requests to complete
2025-04-17 23:21:37.818 [tomcat-shutdown] INFO  org.springframework.boot.web.embedded.tomcat.GracefulShutdown - Graceful shutdown complete
2025-04-17 23:21:37.840 [SpringApplicationShutdownHook] INFO  org.springframework.orm.jpa.LocalContainerEntityManagerFactoryBean - Closing JPA EntityManagerFactory for persistence unit 'default'
2025-04-17 23:21:37.843 [SpringApplicationShutdownHook] INFO  com.zaxxer.hikari.HikariDataSource - HikariPool-1 - Shutdown initiated...
2025-04-17 23:21:37.846 [SpringApplicationShutdownHook] INFO  com.zaxxer.hikari.HikariDataSource - HikariPool-1 - Shutdown completed.
2025-04-17 23:24:27.565 [background-preinit] INFO  org.hibernate.validator.internal.util.Version - HV000001: Hibernate Validator 8.0.2.Final
2025-04-17 23:24:27.590 [restartedMain] INFO  com.pm.patientservice.PatientServiceApplication - Starting PatientServiceApplication using Java 17.0.12 with PID 49610 (/Users/martinjjooga/Java Projects/MediTrack/patient-service/target/classes started by martinjjooga in /Users/martinjjooga/Java Projects/MediTrack)
2025-04-17 23:24:27.593 [restartedMain] DEBUG com.pm.patientservice.PatientServiceApplication - Running with Spring Boot v3.4.4, Spring v6.2.5
2025-04-17 23:24:27.593 [restartedMain] INFO  com.pm.patientservice.PatientServiceApplication - The following 1 profile is active: "dev"
2025-04-17 23:24:27.609 [restartedMain] INFO  org.springframework.boot.devtools.env.DevToolsPropertyDefaultsPostProcessor - Devtools property defaults active! Set 'spring.devtools.add-properties' to 'false' to disable
2025-04-17 23:24:27.609 [restartedMain] INFO  org.springframework.boot.devtools.env.DevToolsPropertyDefaultsPostProcessor - For additional web related logging consider setting the 'logging.level.web' property to 'DEBUG'
2025-04-17 23:24:27.613 [restartedMain] INFO  org.springframework.boot.docker.compose.lifecycle.DockerComposeLifecycleManager - Using Docker Compose file /Users/martinjjooga/Java Projects/MediTrack/compose.yaml
2025-04-17 23:24:28.108 [OutputReader-stderr] INFO  org.springframework.boot.docker.compose.core.DockerCli -  Container meditrack-postgres-1  Created
2025-04-17 23:24:28.114 [OutputReader-stderr] INFO  org.springframework.boot.docker.compose.core.DockerCli -  Container meditrack-postgres-1  Starting
2025-04-17 23:24:28.259 [OutputReader-stderr] INFO  org.springframework.boot.docker.compose.core.DockerCli -  Container meditrack-postgres-1  Started
2025-04-17 23:24:28.259 [OutputReader-stderr] INFO  org.springframework.boot.docker.compose.core.DockerCli -  Container meditrack-postgres-1  Waiting
2025-04-17 23:24:28.766 [OutputReader-stderr] INFO  org.springframework.boot.docker.compose.core.DockerCli -  Container meditrack-postgres-1  Healthy
2025-04-17 23:24:29.507 [restartedMain] INFO  org.springframework.data.repository.config.RepositoryConfigurationDelegate - Bootstrapping Spring Data JPA repositories in DEFAULT mode.
2025-04-17 23:24:29.525 [restartedMain] INFO  org.springframework.data.repository.config.RepositoryConfigurationDelegate - Finished Spring Data repository scanning in 14 ms. Found 1 JPA repository interface.
2025-04-17 23:24:29.818 [restartedMain] INFO  org.springframework.boot.web.embedded.tomcat.TomcatWebServer - Tomcat initialized with port 80 (http)
2025-04-17 23:24:29.823 [restartedMain] INFO  org.apache.coyote.http11.Http11NioProtocol - Initializing ProtocolHandler ["http-nio-80"]
2025-04-17 23:24:29.824 [restartedMain] INFO  org.apache.catalina.core.StandardService - Starting service [Tomcat]
2025-04-17 23:24:29.824 [restartedMain] INFO  org.apache.catalina.core.StandardEngine - Starting Servlet engine: [Apache Tomcat/10.1.39]
2025-04-17 23:24:29.840 [restartedMain] INFO  org.apache.catalina.core.ContainerBase.[Tomcat].[localhost].[/] - Initializing Spring embedded WebApplicationContext
2025-04-17 23:24:29.840 [restartedMain] INFO  org.springframework.boot.web.servlet.context.ServletWebServerApplicationContext - Root WebApplicationContext: initialization completed in 731 ms
2025-04-17 23:24:29.976 [restartedMain] INFO  org.hibernate.jpa.internal.util.LogHelper - HHH000204: Processing PersistenceUnitInfo [name: default]
2025-04-17 23:24:30.000 [restartedMain] INFO  org.hibernate.Version - HHH000412: Hibernate ORM core version 6.6.11.Final
2025-04-17 23:24:30.013 [restartedMain] INFO  org.hibernate.cache.internal.RegionFactoryInitiator - HHH000026: Second-level cache disabled
2025-04-17 23:24:30.113 [restartedMain] INFO  org.springframework.orm.jpa.persistenceunit.SpringPersistenceUnitInfo - No LoadTimeWeaver setup: ignoring JPA class transformer
2025-04-17 23:24:30.126 [restartedMain] INFO  com.zaxxer.hikari.HikariDataSource - HikariPool-1 - Starting...
2025-04-17 23:24:30.201 [restartedMain] INFO  com.zaxxer.hikari.pool.HikariPool - HikariPool-1 - Added connection org.postgresql.jdbc.PgConnection@1040021
2025-04-17 23:24:30.201 [restartedMain] INFO  com.zaxxer.hikari.HikariDataSource - HikariPool-1 - Start completed.
2025-04-17 23:24:30.217 [restartedMain] WARN  org.hibernate.orm.deprecation - HHH90000025: PostgreSQLDialect does not need to be specified explicitly using 'hibernate.dialect' (remove the property setting and it will be selected by default)
2025-04-17 23:24:30.225 [restartedMain] INFO  org.hibernate.orm.connections.pooling - HHH10001005: Database info:
	Database JDBC URL [Connecting through datasource 'HikariDataSource (HikariPool-1)']
	Database driver: undefined/unknown
	Database version: 17.4
	Autocommit mode: undefined/unknown
	Isolation level: undefined/unknown
	Minimum pool size: undefined/unknown
	Maximum pool size: undefined/unknown
2025-04-17 23:24:30.569 [restartedMain] INFO  org.hibernate.engine.transaction.jta.platform.internal.JtaPlatformInitiator - HHH000489: No JTA platform available (set 'hibernate.transaction.jta.platform' to enable JTA platform integration)
2025-04-17 23:24:30.729 [restartedMain] INFO  org.springframework.orm.jpa.LocalContainerEntityManagerFactoryBean - Initialized JPA EntityManagerFactory for persistence unit 'default'
2025-04-17 23:24:30.982 [restartedMain] WARN  org.springframework.boot.autoconfigure.orm.jpa.JpaBaseConfiguration$JpaWebConfiguration - spring.jpa.open-in-view is enabled by default. Therefore, database queries may be performed during view rendering. Explicitly configure spring.jpa.open-in-view to disable this warning
2025-04-17 23:24:31.353 [restartedMain] INFO  org.springframework.boot.devtools.autoconfigure.OptionalLiveReloadServer - LiveReload server is running on port 35729
2025-04-17 23:24:31.359 [restartedMain] INFO  org.springframework.boot.actuate.endpoint.web.EndpointLinksResolver - Exposing 4 endpoints beneath base path '/actuator'
2025-04-17 23:24:31.382 [restartedMain] WARN  io.micrometer.core.instrument.MeterRegistry - This Gauge has been already registered (MeterId{name='jvm.buffer.count', tags=[tag(application=patient-service),tag(id=mapped)]}), the Gauge registration will be ignored. Note that subsequent logs will be logged at debug level.
2025-04-17 23:24:31.392 [restartedMain] INFO  org.apache.coyote.http11.Http11NioProtocol - Starting ProtocolHandler ["http-nio-80"]
2025-04-17 23:24:31.401 [restartedMain] INFO  org.springframework.boot.web.embedded.tomcat.TomcatWebServer - Tomcat started on port 80 (http) with context path '/'
2025-04-17 23:24:31.410 [restartedMain] INFO  com.pm.patientservice.PatientServiceApplication - Started PatientServiceApplication in 3.943 seconds (process running for 4.508)
2025-04-17 23:24:31.593 [RMI TCP Connection(3)-192.168.1.37] INFO  org.apache.catalina.core.ContainerBase.[Tomcat].[localhost].[/] - Initializing Spring DispatcherServlet 'dispatcherServlet'
2025-04-17 23:24:31.593 [RMI TCP Connection(3)-192.168.1.37] INFO  org.springframework.web.servlet.DispatcherServlet - Initializing Servlet 'dispatcherServlet'
2025-04-17 23:24:31.594 [RMI TCP Connection(3)-192.168.1.37] INFO  org.springframework.web.servlet.DispatcherServlet - Completed initialization in 1 ms
2025-04-17 23:33:40.331 [File Watcher] INFO  org.springframework.boot.devtools.autoconfigure.LocalDevToolsAutoConfiguration$RestartingClassPathChangeChangedEventListener - Restarting due to 4 class path changes (3 additions, 0 deletions, 1 modification)
2025-04-17 23:33:40.345 [Thread-21] INFO  org.springframework.boot.web.embedded.tomcat.GracefulShutdown - Commencing graceful shutdown. Waiting for active requests to complete
2025-04-17 23:33:40.347 [tomcat-shutdown] INFO  org.apache.coyote.http11.Http11NioProtocol - Pausing ProtocolHandler ["http-nio-80"]
2025-04-17 23:33:40.360 [tomcat-shutdown] INFO  org.springframework.boot.web.embedded.tomcat.GracefulShutdown - Graceful shutdown complete
2025-04-17 23:33:40.361 [Thread-21] INFO  org.apache.coyote.http11.Http11NioProtocol - Stopping ProtocolHandler ["http-nio-80"]
2025-04-17 23:33:40.373 [Thread-21] INFO  org.springframework.orm.jpa.LocalContainerEntityManagerFactoryBean - Closing JPA EntityManagerFactory for persistence unit 'default'
2025-04-17 23:33:40.377 [Thread-21] INFO  com.zaxxer.hikari.HikariDataSource - HikariPool-1 - Shutdown initiated...
2025-04-17 23:33:40.380 [Thread-21] INFO  com.zaxxer.hikari.HikariDataSource - HikariPool-1 - Shutdown completed.
2025-04-17 23:33:40.526 [restartedMain] ERROR org.springframework.boot.SpringApplication - Application run failed
org.springframework.boot.context.config.InvalidConfigDataPropertyException: Property 'spring.profiles.include' imported from location 'class path resource [application-dev.properties]' is invalid in a profile specific resource [origin: class path resource [application-dev.properties] - 13:25]
	at org.springframework.boot.context.config.InvalidConfigDataPropertyException.lambda$throwIfPropertyFound$1(InvalidConfigDataPropertyException.java:121) ~[spring-boot-3.4.4.jar:3.4.4]
	at java.base/java.lang.Iterable.forEach(Iterable.java:75) ~[?:?]
	at java.base/java.util.Collections$UnmodifiableCollection.forEach(Collections.java:1092) ~[?:?]
	at org.springframework.boot.context.config.InvalidConfigDataPropertyException.throwIfPropertyFound(InvalidConfigDataPropertyException.java:118) ~[spring-boot-3.4.4.jar:3.4.4]
	at org.springframework.boot.context.config.ConfigDataEnvironment.checkForInvalidProperties(ConfigDataEnvironment.java:367) ~[spring-boot-3.4.4.jar:3.4.4]
	at org.springframework.boot.context.config.ConfigDataEnvironment.applyToEnvironment(ConfigDataEnvironment.java:331) ~[spring-boot-3.4.4.jar:3.4.4]
	at org.springframework.boot.context.config.ConfigDataEnvironment.processAndApply(ConfigDataEnvironment.java:238) ~[spring-boot-3.4.4.jar:3.4.4]
	at org.springframework.boot.context.config.ConfigDataEnvironmentPostProcessor.postProcessEnvironment(ConfigDataEnvironmentPostProcessor.java:96) ~[spring-boot-3.4.4.jar:3.4.4]
	at org.springframework.boot.context.config.ConfigDataEnvironmentPostProcessor.postProcessEnvironment(ConfigDataEnvironmentPostProcessor.java:89) ~[spring-boot-3.4.4.jar:3.4.4]
	at org.springframework.boot.env.EnvironmentPostProcessorApplicationListener.onApplicationEnvironmentPreparedEvent(EnvironmentPostProcessorApplicationListener.java:132) ~[spring-boot-3.4.4.jar:3.4.4]
	at org.springframework.boot.env.EnvironmentPostProcessorApplicationListener.onApplicationEvent(EnvironmentPostProcessorApplicationListener.java:115) ~[spring-boot-3.4.4.jar:3.4.4]
	at org.springframework.context.event.SimpleApplicationEventMulticaster.doInvokeListener(SimpleApplicationEventMulticaster.java:185) ~[spring-context-6.2.5.jar:6.2.5]
	at org.springframework.context.event.SimpleApplicationEventMulticaster.invokeListener(SimpleApplicationEventMulticaster.java:178) ~[spring-context-6.2.5.jar:6.2.5]
	at org.springframework.context.event.SimpleApplicationEventMulticaster.multicastEvent(SimpleApplicationEventMulticaster.java:156) ~[spring-context-6.2.5.jar:6.2.5]
	at org.springframework.context.event.SimpleApplicationEventMulticaster.multicastEvent(SimpleApplicationEventMulticaster.java:138) ~[spring-context-6.2.5.jar:6.2.5]
	at org.springframework.boot.context.event.EventPublishingRunListener.multicastInitialEvent(EventPublishingRunListener.java:136) ~[spring-boot-3.4.4.jar:3.4.4]
	at org.springframework.boot.context.event.EventPublishingRunListener.environmentPrepared(EventPublishingRunListener.java:81) ~[spring-boot-3.4.4.jar:3.4.4]
	at org.springframework.boot.SpringApplicationRunListeners.lambda$environmentPrepared$2(SpringApplicationRunListeners.java:64) ~[spring-boot-3.4.4.jar:3.4.4]
	at java.base/java.lang.Iterable.forEach(Iterable.java:75) ~[?:?]
	at org.springframework.boot.SpringApplicationRunListeners.doWithListeners(SpringApplicationRunListeners.java:118) ~[spring-boot-3.4.4.jar:3.4.4]
	at org.springframework.boot.SpringApplicationRunListeners.doWithListeners(SpringApplicationRunListeners.java:112) ~[spring-boot-3.4.4.jar:3.4.4]
	at org.springframework.boot.SpringApplicationRunListeners.environmentPrepared(SpringApplicationRunListeners.java:63) ~[spring-boot-3.4.4.jar:3.4.4]
	at org.springframework.boot.SpringApplication.prepareEnvironment(SpringApplication.java:353) [spring-boot-3.4.4.jar:3.4.4]
	at org.springframework.boot.SpringApplication.run(SpringApplication.java:313) [spring-boot-3.4.4.jar:3.4.4]
	at org.springframework.boot.SpringApplication.run(SpringApplication.java:1361) [spring-boot-3.4.4.jar:3.4.4]
	at org.springframework.boot.SpringApplication.run(SpringApplication.java:1350) [spring-boot-3.4.4.jar:3.4.4]
	at com.pm.patientservice.PatientServiceApplication.main(PatientServiceApplication.java:10) [classes/:?]
	at java.base/jdk.internal.reflect.NativeMethodAccessorImpl.invoke0(Native Method) ~[?:?]
	at java.base/jdk.internal.reflect.NativeMethodAccessorImpl.invoke(NativeMethodAccessorImpl.java:77) ~[?:?]
	at java.base/jdk.internal.reflect.DelegatingMethodAccessorImpl.invoke(DelegatingMethodAccessorImpl.java:43) ~[?:?]
	at java.base/java.lang.reflect.Method.invoke(Method.java:568) ~[?:?]
	at org.springframework.boot.devtools.restart.RestartLauncher.run(RestartLauncher.java:50) [spring-boot-devtools-3.4.4.jar:3.4.4]
2025-04-17 23:36:40.192 [restartedMain] ERROR org.springframework.boot.SpringApplication - Application run failed
org.springframework.boot.context.config.InvalidConfigDataPropertyException: Property 'spring.profiles.include' imported from location 'class path resource [application-dev.properties]' is invalid in a profile specific resource [origin: class path resource [application-dev.properties] - 13:25]
	at org.springframework.boot.context.config.InvalidConfigDataPropertyException.lambda$throwIfPropertyFound$1(InvalidConfigDataPropertyException.java:121) ~[spring-boot-3.4.4.jar:3.4.4]
	at java.base/java.lang.Iterable.forEach(Iterable.java:75) ~[?:?]
	at java.base/java.util.Collections$UnmodifiableCollection.forEach(Collections.java:1092) ~[?:?]
	at org.springframework.boot.context.config.InvalidConfigDataPropertyException.throwIfPropertyFound(InvalidConfigDataPropertyException.java:118) ~[spring-boot-3.4.4.jar:3.4.4]
	at org.springframework.boot.context.config.ConfigDataEnvironment.checkForInvalidProperties(ConfigDataEnvironment.java:367) ~[spring-boot-3.4.4.jar:3.4.4]
	at org.springframework.boot.context.config.ConfigDataEnvironment.applyToEnvironment(ConfigDataEnvironment.java:331) ~[spring-boot-3.4.4.jar:3.4.4]
	at org.springframework.boot.context.config.ConfigDataEnvironment.processAndApply(ConfigDataEnvironment.java:238) ~[spring-boot-3.4.4.jar:3.4.4]
	at org.springframework.boot.context.config.ConfigDataEnvironmentPostProcessor.postProcessEnvironment(ConfigDataEnvironmentPostProcessor.java:96) ~[spring-boot-3.4.4.jar:3.4.4]
	at org.springframework.boot.context.config.ConfigDataEnvironmentPostProcessor.postProcessEnvironment(ConfigDataEnvironmentPostProcessor.java:89) ~[spring-boot-3.4.4.jar:3.4.4]
	at org.springframework.boot.env.EnvironmentPostProcessorApplicationListener.onApplicationEnvironmentPreparedEvent(EnvironmentPostProcessorApplicationListener.java:132) ~[spring-boot-3.4.4.jar:3.4.4]
	at org.springframework.boot.env.EnvironmentPostProcessorApplicationListener.onApplicationEvent(EnvironmentPostProcessorApplicationListener.java:115) ~[spring-boot-3.4.4.jar:3.4.4]
	at org.springframework.context.event.SimpleApplicationEventMulticaster.doInvokeListener(SimpleApplicationEventMulticaster.java:185) ~[spring-context-6.2.5.jar:6.2.5]
	at org.springframework.context.event.SimpleApplicationEventMulticaster.invokeListener(SimpleApplicationEventMulticaster.java:178) ~[spring-context-6.2.5.jar:6.2.5]
	at org.springframework.context.event.SimpleApplicationEventMulticaster.multicastEvent(SimpleApplicationEventMulticaster.java:156) ~[spring-context-6.2.5.jar:6.2.5]
	at org.springframework.context.event.SimpleApplicationEventMulticaster.multicastEvent(SimpleApplicationEventMulticaster.java:138) ~[spring-context-6.2.5.jar:6.2.5]
	at org.springframework.boot.context.event.EventPublishingRunListener.multicastInitialEvent(EventPublishingRunListener.java:136) ~[spring-boot-3.4.4.jar:3.4.4]
	at org.springframework.boot.context.event.EventPublishingRunListener.environmentPrepared(EventPublishingRunListener.java:81) ~[spring-boot-3.4.4.jar:3.4.4]
	at org.springframework.boot.SpringApplicationRunListeners.lambda$environmentPrepared$2(SpringApplicationRunListeners.java:64) ~[spring-boot-3.4.4.jar:3.4.4]
	at java.base/java.lang.Iterable.forEach(Iterable.java:75) ~[?:?]
	at org.springframework.boot.SpringApplicationRunListeners.doWithListeners(SpringApplicationRunListeners.java:118) ~[spring-boot-3.4.4.jar:3.4.4]
	at org.springframework.boot.SpringApplicationRunListeners.doWithListeners(SpringApplicationRunListeners.java:112) ~[spring-boot-3.4.4.jar:3.4.4]
	at org.springframework.boot.SpringApplicationRunListeners.environmentPrepared(SpringApplicationRunListeners.java:63) ~[spring-boot-3.4.4.jar:3.4.4]
	at org.springframework.boot.SpringApplication.prepareEnvironment(SpringApplication.java:353) [spring-boot-3.4.4.jar:3.4.4]
	at org.springframework.boot.SpringApplication.run(SpringApplication.java:313) [spring-boot-3.4.4.jar:3.4.4]
	at org.springframework.boot.SpringApplication.run(SpringApplication.java:1361) [spring-boot-3.4.4.jar:3.4.4]
	at org.springframework.boot.SpringApplication.run(SpringApplication.java:1350) [spring-boot-3.4.4.jar:3.4.4]
	at com.pm.patientservice.PatientServiceApplication.main(PatientServiceApplication.java:10) [classes/:?]
	at java.base/jdk.internal.reflect.NativeMethodAccessorImpl.invoke0(Native Method) ~[?:?]
	at java.base/jdk.internal.reflect.NativeMethodAccessorImpl.invoke(NativeMethodAccessorImpl.java:77) ~[?:?]
	at java.base/jdk.internal.reflect.DelegatingMethodAccessorImpl.invoke(DelegatingMethodAccessorImpl.java:43) ~[?:?]
	at java.base/java.lang.reflect.Method.invoke(Method.java:568) ~[?:?]
	at org.springframework.boot.devtools.restart.RestartLauncher.run(RestartLauncher.java:50) [spring-boot-devtools-3.4.4.jar:3.4.4]
2025-04-17 23:40:33.074 [restartedMain] ERROR org.springframework.boot.SpringApplication - Application run failed
org.springframework.boot.context.config.InvalidConfigDataPropertyException: Property 'spring.profiles.include' imported from location 'class path resource [application-dev.properties]' is invalid in a profile specific resource [origin: class path resource [application-dev.properties] - 16:25]
	at org.springframework.boot.context.config.InvalidConfigDataPropertyException.lambda$throwIfPropertyFound$1(InvalidConfigDataPropertyException.java:121) ~[spring-boot-3.4.4.jar:3.4.4]
	at java.base/java.lang.Iterable.forEach(Iterable.java:75) ~[?:?]
	at java.base/java.util.Collections$UnmodifiableCollection.forEach(Collections.java:1092) ~[?:?]
	at org.springframework.boot.context.config.InvalidConfigDataPropertyException.throwIfPropertyFound(InvalidConfigDataPropertyException.java:118) ~[spring-boot-3.4.4.jar:3.4.4]
	at org.springframework.boot.context.config.ConfigDataEnvironment.checkForInvalidProperties(ConfigDataEnvironment.java:367) ~[spring-boot-3.4.4.jar:3.4.4]
	at org.springframework.boot.context.config.ConfigDataEnvironment.applyToEnvironment(ConfigDataEnvironment.java:331) ~[spring-boot-3.4.4.jar:3.4.4]
	at org.springframework.boot.context.config.ConfigDataEnvironment.processAndApply(ConfigDataEnvironment.java:238) ~[spring-boot-3.4.4.jar:3.4.4]
	at org.springframework.boot.context.config.ConfigDataEnvironmentPostProcessor.postProcessEnvironment(ConfigDataEnvironmentPostProcessor.java:96) ~[spring-boot-3.4.4.jar:3.4.4]
	at org.springframework.boot.context.config.ConfigDataEnvironmentPostProcessor.postProcessEnvironment(ConfigDataEnvironmentPostProcessor.java:89) ~[spring-boot-3.4.4.jar:3.4.4]
	at org.springframework.boot.env.EnvironmentPostProcessorApplicationListener.onApplicationEnvironmentPreparedEvent(EnvironmentPostProcessorApplicationListener.java:132) ~[spring-boot-3.4.4.jar:3.4.4]
	at org.springframework.boot.env.EnvironmentPostProcessorApplicationListener.onApplicationEvent(EnvironmentPostProcessorApplicationListener.java:115) ~[spring-boot-3.4.4.jar:3.4.4]
	at org.springframework.context.event.SimpleApplicationEventMulticaster.doInvokeListener(SimpleApplicationEventMulticaster.java:185) ~[spring-context-6.2.5.jar:6.2.5]
	at org.springframework.context.event.SimpleApplicationEventMulticaster.invokeListener(SimpleApplicationEventMulticaster.java:178) ~[spring-context-6.2.5.jar:6.2.5]
	at org.springframework.context.event.SimpleApplicationEventMulticaster.multicastEvent(SimpleApplicationEventMulticaster.java:156) ~[spring-context-6.2.5.jar:6.2.5]
	at org.springframework.context.event.SimpleApplicationEventMulticaster.multicastEvent(SimpleApplicationEventMulticaster.java:138) ~[spring-context-6.2.5.jar:6.2.5]
	at org.springframework.boot.context.event.EventPublishingRunListener.multicastInitialEvent(EventPublishingRunListener.java:136) ~[spring-boot-3.4.4.jar:3.4.4]
	at org.springframework.boot.context.event.EventPublishingRunListener.environmentPrepared(EventPublishingRunListener.java:81) ~[spring-boot-3.4.4.jar:3.4.4]
	at org.springframework.boot.SpringApplicationRunListeners.lambda$environmentPrepared$2(SpringApplicationRunListeners.java:64) ~[spring-boot-3.4.4.jar:3.4.4]
	at java.base/java.lang.Iterable.forEach(Iterable.java:75) ~[?:?]
	at org.springframework.boot.SpringApplicationRunListeners.doWithListeners(SpringApplicationRunListeners.java:118) ~[spring-boot-3.4.4.jar:3.4.4]
	at org.springframework.boot.SpringApplicationRunListeners.doWithListeners(SpringApplicationRunListeners.java:112) ~[spring-boot-3.4.4.jar:3.4.4]
	at org.springframework.boot.SpringApplicationRunListeners.environmentPrepared(SpringApplicationRunListeners.java:63) ~[spring-boot-3.4.4.jar:3.4.4]
	at org.springframework.boot.SpringApplication.prepareEnvironment(SpringApplication.java:353) [spring-boot-3.4.4.jar:3.4.4]
	at org.springframework.boot.SpringApplication.run(SpringApplication.java:313) [spring-boot-3.4.4.jar:3.4.4]
	at org.springframework.boot.SpringApplication.run(SpringApplication.java:1361) [spring-boot-3.4.4.jar:3.4.4]
	at org.springframework.boot.SpringApplication.run(SpringApplication.java:1350) [spring-boot-3.4.4.jar:3.4.4]
	at com.pm.patientservice.PatientServiceApplication.main(PatientServiceApplication.java:10) [classes/:?]
	at java.base/jdk.internal.reflect.NativeMethodAccessorImpl.invoke0(Native Method) ~[?:?]
	at java.base/jdk.internal.reflect.NativeMethodAccessorImpl.invoke(NativeMethodAccessorImpl.java:77) ~[?:?]
	at java.base/jdk.internal.reflect.DelegatingMethodAccessorImpl.invoke(DelegatingMethodAccessorImpl.java:43) ~[?:?]
	at java.base/java.lang.reflect.Method.invoke(Method.java:568) ~[?:?]
	at org.springframework.boot.devtools.restart.RestartLauncher.run(RestartLauncher.java:50) [spring-boot-devtools-3.4.4.jar:3.4.4]
2025-04-17 23:41:14.543 [restartedMain] ERROR org.springframework.boot.SpringApplication - Application run failed
org.springframework.boot.context.config.InvalidConfigDataPropertyException: Property 'spring.profiles.include' imported from location 'class path resource [application-dev.properties]' is invalid in a profile specific resource [origin: class path resource [application-dev.properties] - 16:25]
	at org.springframework.boot.context.config.InvalidConfigDataPropertyException.lambda$throwIfPropertyFound$1(InvalidConfigDataPropertyException.java:121) ~[spring-boot-3.4.4.jar:3.4.4]
	at java.base/java.lang.Iterable.forEach(Iterable.java:75) ~[?:?]
	at java.base/java.util.Collections$UnmodifiableCollection.forEach(Collections.java:1092) ~[?:?]
	at org.springframework.boot.context.config.InvalidConfigDataPropertyException.throwIfPropertyFound(InvalidConfigDataPropertyException.java:118) ~[spring-boot-3.4.4.jar:3.4.4]
	at org.springframework.boot.context.config.ConfigDataEnvironment.checkForInvalidProperties(ConfigDataEnvironment.java:367) ~[spring-boot-3.4.4.jar:3.4.4]
	at org.springframework.boot.context.config.ConfigDataEnvironment.applyToEnvironment(ConfigDataEnvironment.java:331) ~[spring-boot-3.4.4.jar:3.4.4]
	at org.springframework.boot.context.config.ConfigDataEnvironment.processAndApply(ConfigDataEnvironment.java:238) ~[spring-boot-3.4.4.jar:3.4.4]
	at org.springframework.boot.context.config.ConfigDataEnvironmentPostProcessor.postProcessEnvironment(ConfigDataEnvironmentPostProcessor.java:96) ~[spring-boot-3.4.4.jar:3.4.4]
	at org.springframework.boot.context.config.ConfigDataEnvironmentPostProcessor.postProcessEnvironment(ConfigDataEnvironmentPostProcessor.java:89) ~[spring-boot-3.4.4.jar:3.4.4]
	at org.springframework.boot.env.EnvironmentPostProcessorApplicationListener.onApplicationEnvironmentPreparedEvent(EnvironmentPostProcessorApplicationListener.java:132) ~[spring-boot-3.4.4.jar:3.4.4]
	at org.springframework.boot.env.EnvironmentPostProcessorApplicationListener.onApplicationEvent(EnvironmentPostProcessorApplicationListener.java:115) ~[spring-boot-3.4.4.jar:3.4.4]
	at org.springframework.context.event.SimpleApplicationEventMulticaster.doInvokeListener(SimpleApplicationEventMulticaster.java:185) ~[spring-context-6.2.5.jar:6.2.5]
	at org.springframework.context.event.SimpleApplicationEventMulticaster.invokeListener(SimpleApplicationEventMulticaster.java:178) ~[spring-context-6.2.5.jar:6.2.5]
	at org.springframework.context.event.SimpleApplicationEventMulticaster.multicastEvent(SimpleApplicationEventMulticaster.java:156) ~[spring-context-6.2.5.jar:6.2.5]
	at org.springframework.context.event.SimpleApplicationEventMulticaster.multicastEvent(SimpleApplicationEventMulticaster.java:138) ~[spring-context-6.2.5.jar:6.2.5]
	at org.springframework.boot.context.event.EventPublishingRunListener.multicastInitialEvent(EventPublishingRunListener.java:136) ~[spring-boot-3.4.4.jar:3.4.4]
	at org.springframework.boot.context.event.EventPublishingRunListener.environmentPrepared(EventPublishingRunListener.java:81) ~[spring-boot-3.4.4.jar:3.4.4]
	at org.springframework.boot.SpringApplicationRunListeners.lambda$environmentPrepared$2(SpringApplicationRunListeners.java:64) ~[spring-boot-3.4.4.jar:3.4.4]
	at java.base/java.lang.Iterable.forEach(Iterable.java:75) ~[?:?]
	at org.springframework.boot.SpringApplicationRunListeners.doWithListeners(SpringApplicationRunListeners.java:118) ~[spring-boot-3.4.4.jar:3.4.4]
	at org.springframework.boot.SpringApplicationRunListeners.doWithListeners(SpringApplicationRunListeners.java:112) ~[spring-boot-3.4.4.jar:3.4.4]
	at org.springframework.boot.SpringApplicationRunListeners.environmentPrepared(SpringApplicationRunListeners.java:63) ~[spring-boot-3.4.4.jar:3.4.4]
	at org.springframework.boot.SpringApplication.prepareEnvironment(SpringApplication.java:353) [spring-boot-3.4.4.jar:3.4.4]
	at org.springframework.boot.SpringApplication.run(SpringApplication.java:313) [spring-boot-3.4.4.jar:3.4.4]
	at org.springframework.boot.SpringApplication.run(SpringApplication.java:1361) [spring-boot-3.4.4.jar:3.4.4]
	at org.springframework.boot.SpringApplication.run(SpringApplication.java:1350) [spring-boot-3.4.4.jar:3.4.4]
	at com.pm.patientservice.PatientServiceApplication.main(PatientServiceApplication.java:10) [classes/:?]
	at java.base/jdk.internal.reflect.NativeMethodAccessorImpl.invoke0(Native Method) ~[?:?]
	at java.base/jdk.internal.reflect.NativeMethodAccessorImpl.invoke(NativeMethodAccessorImpl.java:77) ~[?:?]
	at java.base/jdk.internal.reflect.DelegatingMethodAccessorImpl.invoke(DelegatingMethodAccessorImpl.java:43) ~[?:?]
	at java.base/java.lang.reflect.Method.invoke(Method.java:568) ~[?:?]
	at org.springframework.boot.devtools.restart.RestartLauncher.run(RestartLauncher.java:50) [spring-boot-devtools-3.4.4.jar:3.4.4]
2025-04-17 23:42:55.494 [restartedMain] ERROR org.springframework.boot.SpringApplication - Application run failed
org.springframework.boot.context.config.InvalidConfigDataPropertyException: Property 'spring.profiles.include' imported from location 'class path resource [application-dev.properties]' is invalid in a profile specific resource [origin: class path resource [application-dev.properties] - 17:25]
	at org.springframework.boot.context.config.InvalidConfigDataPropertyException.lambda$throwIfPropertyFound$1(InvalidConfigDataPropertyException.java:121) ~[spring-boot-3.4.4.jar:3.4.4]
	at java.base/java.lang.Iterable.forEach(Iterable.java:75) ~[?:?]
	at java.base/java.util.Collections$UnmodifiableCollection.forEach(Collections.java:1092) ~[?:?]
	at org.springframework.boot.context.config.InvalidConfigDataPropertyException.throwIfPropertyFound(InvalidConfigDataPropertyException.java:118) ~[spring-boot-3.4.4.jar:3.4.4]
	at org.springframework.boot.context.config.ConfigDataEnvironment.checkForInvalidProperties(ConfigDataEnvironment.java:367) ~[spring-boot-3.4.4.jar:3.4.4]
	at org.springframework.boot.context.config.ConfigDataEnvironment.applyToEnvironment(ConfigDataEnvironment.java:331) ~[spring-boot-3.4.4.jar:3.4.4]
	at org.springframework.boot.context.config.ConfigDataEnvironment.processAndApply(ConfigDataEnvironment.java:238) ~[spring-boot-3.4.4.jar:3.4.4]
	at org.springframework.boot.context.config.ConfigDataEnvironmentPostProcessor.postProcessEnvironment(ConfigDataEnvironmentPostProcessor.java:96) ~[spring-boot-3.4.4.jar:3.4.4]
	at org.springframework.boot.context.config.ConfigDataEnvironmentPostProcessor.postProcessEnvironment(ConfigDataEnvironmentPostProcessor.java:89) ~[spring-boot-3.4.4.jar:3.4.4]
	at org.springframework.boot.env.EnvironmentPostProcessorApplicationListener.onApplicationEnvironmentPreparedEvent(EnvironmentPostProcessorApplicationListener.java:132) ~[spring-boot-3.4.4.jar:3.4.4]
	at org.springframework.boot.env.EnvironmentPostProcessorApplicationListener.onApplicationEvent(EnvironmentPostProcessorApplicationListener.java:115) ~[spring-boot-3.4.4.jar:3.4.4]
	at org.springframework.context.event.SimpleApplicationEventMulticaster.doInvokeListener(SimpleApplicationEventMulticaster.java:185) ~[spring-context-6.2.5.jar:6.2.5]
	at org.springframework.context.event.SimpleApplicationEventMulticaster.invokeListener(SimpleApplicationEventMulticaster.java:178) ~[spring-context-6.2.5.jar:6.2.5]
	at org.springframework.context.event.SimpleApplicationEventMulticaster.multicastEvent(SimpleApplicationEventMulticaster.java:156) ~[spring-context-6.2.5.jar:6.2.5]
	at org.springframework.context.event.SimpleApplicationEventMulticaster.multicastEvent(SimpleApplicationEventMulticaster.java:138) ~[spring-context-6.2.5.jar:6.2.5]
	at org.springframework.boot.context.event.EventPublishingRunListener.multicastInitialEvent(EventPublishingRunListener.java:136) ~[spring-boot-3.4.4.jar:3.4.4]
	at org.springframework.boot.context.event.EventPublishingRunListener.environmentPrepared(EventPublishingRunListener.java:81) ~[spring-boot-3.4.4.jar:3.4.4]
	at org.springframework.boot.SpringApplicationRunListeners.lambda$environmentPrepared$2(SpringApplicationRunListeners.java:64) ~[spring-boot-3.4.4.jar:3.4.4]
	at java.base/java.lang.Iterable.forEach(Iterable.java:75) ~[?:?]
	at org.springframework.boot.SpringApplicationRunListeners.doWithListeners(SpringApplicationRunListeners.java:118) ~[spring-boot-3.4.4.jar:3.4.4]
	at org.springframework.boot.SpringApplicationRunListeners.doWithListeners(SpringApplicationRunListeners.java:112) ~[spring-boot-3.4.4.jar:3.4.4]
	at org.springframework.boot.SpringApplicationRunListeners.environmentPrepared(SpringApplicationRunListeners.java:63) ~[spring-boot-3.4.4.jar:3.4.4]
	at org.springframework.boot.SpringApplication.prepareEnvironment(SpringApplication.java:353) [spring-boot-3.4.4.jar:3.4.4]
	at org.springframework.boot.SpringApplication.run(SpringApplication.java:313) [spring-boot-3.4.4.jar:3.4.4]
	at org.springframework.boot.SpringApplication.run(SpringApplication.java:1361) [spring-boot-3.4.4.jar:3.4.4]
	at org.springframework.boot.SpringApplication.run(SpringApplication.java:1350) [spring-boot-3.4.4.jar:3.4.4]
	at com.pm.patientservice.PatientServiceApplication.main(PatientServiceApplication.java:10) [classes/:?]
	at java.base/jdk.internal.reflect.NativeMethodAccessorImpl.invoke0(Native Method) ~[?:?]
	at java.base/jdk.internal.reflect.NativeMethodAccessorImpl.invoke(NativeMethodAccessorImpl.java:77) ~[?:?]
	at java.base/jdk.internal.reflect.DelegatingMethodAccessorImpl.invoke(DelegatingMethodAccessorImpl.java:43) ~[?:?]
	at java.base/java.lang.reflect.Method.invoke(Method.java:568) ~[?:?]
	at org.springframework.boot.devtools.restart.RestartLauncher.run(RestartLauncher.java:50) [spring-boot-devtools-3.4.4.jar:3.4.4]
2025-04-17 23:45:36.664 [restartedMain] ERROR org.springframework.boot.SpringApplication - Application run failed
org.springframework.boot.context.config.InvalidConfigDataPropertyException: Property 'spring.profiles.include' imported from location 'class path resource [application-dev.properties]' is invalid in a profile specific resource [origin: class path resource [application-dev.properties] - 17:25]
	at org.springframework.boot.context.config.InvalidConfigDataPropertyException.lambda$throwIfPropertyFound$1(InvalidConfigDataPropertyException.java:121) ~[spring-boot-3.4.4.jar:3.4.4]
	at java.base/java.lang.Iterable.forEach(Iterable.java:75) ~[?:?]
	at java.base/java.util.Collections$UnmodifiableCollection.forEach(Collections.java:1092) ~[?:?]
	at org.springframework.boot.context.config.InvalidConfigDataPropertyException.throwIfPropertyFound(InvalidConfigDataPropertyException.java:118) ~[spring-boot-3.4.4.jar:3.4.4]
	at org.springframework.boot.context.config.ConfigDataEnvironment.checkForInvalidProperties(ConfigDataEnvironment.java:367) ~[spring-boot-3.4.4.jar:3.4.4]
	at org.springframework.boot.context.config.ConfigDataEnvironment.applyToEnvironment(ConfigDataEnvironment.java:331) ~[spring-boot-3.4.4.jar:3.4.4]
	at org.springframework.boot.context.config.ConfigDataEnvironment.processAndApply(ConfigDataEnvironment.java:238) ~[spring-boot-3.4.4.jar:3.4.4]
	at org.springframework.boot.context.config.ConfigDataEnvironmentPostProcessor.postProcessEnvironment(ConfigDataEnvironmentPostProcessor.java:96) ~[spring-boot-3.4.4.jar:3.4.4]
	at org.springframework.boot.context.config.ConfigDataEnvironmentPostProcessor.postProcessEnvironment(ConfigDataEnvironmentPostProcessor.java:89) ~[spring-boot-3.4.4.jar:3.4.4]
	at org.springframework.boot.env.EnvironmentPostProcessorApplicationListener.onApplicationEnvironmentPreparedEvent(EnvironmentPostProcessorApplicationListener.java:132) ~[spring-boot-3.4.4.jar:3.4.4]
	at org.springframework.boot.env.EnvironmentPostProcessorApplicationListener.onApplicationEvent(EnvironmentPostProcessorApplicationListener.java:115) ~[spring-boot-3.4.4.jar:3.4.4]
	at org.springframework.context.event.SimpleApplicationEventMulticaster.doInvokeListener(SimpleApplicationEventMulticaster.java:185) ~[spring-context-6.2.5.jar:6.2.5]
	at org.springframework.context.event.SimpleApplicationEventMulticaster.invokeListener(SimpleApplicationEventMulticaster.java:178) ~[spring-context-6.2.5.jar:6.2.5]
	at org.springframework.context.event.SimpleApplicationEventMulticaster.multicastEvent(SimpleApplicationEventMulticaster.java:156) ~[spring-context-6.2.5.jar:6.2.5]
	at org.springframework.context.event.SimpleApplicationEventMulticaster.multicastEvent(SimpleApplicationEventMulticaster.java:138) ~[spring-context-6.2.5.jar:6.2.5]
	at org.springframework.boot.context.event.EventPublishingRunListener.multicastInitialEvent(EventPublishingRunListener.java:136) ~[spring-boot-3.4.4.jar:3.4.4]
	at org.springframework.boot.context.event.EventPublishingRunListener.environmentPrepared(EventPublishingRunListener.java:81) ~[spring-boot-3.4.4.jar:3.4.4]
	at org.springframework.boot.SpringApplicationRunListeners.lambda$environmentPrepared$2(SpringApplicationRunListeners.java:64) ~[spring-boot-3.4.4.jar:3.4.4]
	at java.base/java.lang.Iterable.forEach(Iterable.java:75) ~[?:?]
	at org.springframework.boot.SpringApplicationRunListeners.doWithListeners(SpringApplicationRunListeners.java:118) ~[spring-boot-3.4.4.jar:3.4.4]
	at org.springframework.boot.SpringApplicationRunListeners.doWithListeners(SpringApplicationRunListeners.java:112) ~[spring-boot-3.4.4.jar:3.4.4]
	at org.springframework.boot.SpringApplicationRunListeners.environmentPrepared(SpringApplicationRunListeners.java:63) ~[spring-boot-3.4.4.jar:3.4.4]
	at org.springframework.boot.SpringApplication.prepareEnvironment(SpringApplication.java:353) [spring-boot-3.4.4.jar:3.4.4]
	at org.springframework.boot.SpringApplication.run(SpringApplication.java:313) [spring-boot-3.4.4.jar:3.4.4]
	at org.springframework.boot.SpringApplication.run(SpringApplication.java:1361) [spring-boot-3.4.4.jar:3.4.4]
	at org.springframework.boot.SpringApplication.run(SpringApplication.java:1350) [spring-boot-3.4.4.jar:3.4.4]
	at com.pm.patientservice.PatientServiceApplication.main(PatientServiceApplication.java:10) [classes/:?]
	at java.base/jdk.internal.reflect.NativeMethodAccessorImpl.invoke0(Native Method) ~[?:?]
	at java.base/jdk.internal.reflect.NativeMethodAccessorImpl.invoke(NativeMethodAccessorImpl.java:77) ~[?:?]
	at java.base/jdk.internal.reflect.DelegatingMethodAccessorImpl.invoke(DelegatingMethodAccessorImpl.java:43) ~[?:?]
	at java.base/java.lang.reflect.Method.invoke(Method.java:568) ~[?:?]
	at org.springframework.boot.devtools.restart.RestartLauncher.run(RestartLauncher.java:50) [spring-boot-devtools-3.4.4.jar:3.4.4]
2025-04-17 23:49:33.454 [background-preinit] INFO  org.hibernate.validator.internal.util.Version - HV000001: Hibernate Validator 8.0.2.Final
2025-04-17 23:49:33.483 [restartedMain] INFO  com.pm.patientservice.PatientServiceApplication - Starting PatientServiceApplication using Java 17.0.12 with PID 52011 (/Users/martinjjooga/Java Projects/MediTrack/patient-service/target/classes started by martinjjooga in /Users/martinjjooga/Java Projects/MediTrack)
2025-04-17 23:49:33.484 [restartedMain] DEBUG com.pm.patientservice.PatientServiceApplication - Running with Spring Boot v3.4.4, Spring v6.2.5
2025-04-17 23:49:33.484 [restartedMain] INFO  com.pm.patientservice.PatientServiceApplication - The following 2 profiles are active: "infrastructure", "dev"
2025-04-17 23:49:33.501 [restartedMain] INFO  org.springframework.boot.devtools.env.DevToolsPropertyDefaultsPostProcessor - Devtools property defaults active! Set 'spring.devtools.add-properties' to 'false' to disable
2025-04-17 23:49:33.502 [restartedMain] INFO  org.springframework.boot.devtools.env.DevToolsPropertyDefaultsPostProcessor - For additional web related logging consider setting the 'logging.level.web' property to 'DEBUG'
2025-04-17 23:49:33.507 [restartedMain] INFO  org.springframework.boot.docker.compose.lifecycle.DockerComposeLifecycleManager - Using Docker Compose file /Users/martinjjooga/Java Projects/MediTrack/compose.yaml
2025-04-17 23:49:34.067 [OutputReader-stderr] INFO  org.springframework.boot.docker.compose.core.DockerCli -  Container meditrack-postgres-1  Created
2025-04-17 23:49:34.074 [OutputReader-stderr] INFO  org.springframework.boot.docker.compose.core.DockerCli -  Container meditrack-postgres-1  Starting
2025-04-17 23:49:34.210 [OutputReader-stderr] INFO  org.springframework.boot.docker.compose.core.DockerCli -  Container meditrack-postgres-1  Started
2025-04-17 23:49:34.210 [OutputReader-stderr] INFO  org.springframework.boot.docker.compose.core.DockerCli -  Container meditrack-postgres-1  Waiting
2025-04-17 23:49:34.716 [OutputReader-stderr] INFO  org.springframework.boot.docker.compose.core.DockerCli -  Container meditrack-postgres-1  Healthy
2025-04-17 23:49:35.467 [restartedMain] INFO  org.springframework.data.repository.config.RepositoryConfigurationDelegate - Bootstrapping Spring Data JPA repositories in DEFAULT mode.
2025-04-17 23:49:35.490 [restartedMain] INFO  org.springframework.data.repository.config.RepositoryConfigurationDelegate - Finished Spring Data repository scanning in 18 ms. Found 1 JPA repository interface.
2025-04-17 23:49:35.776 [restartedMain] INFO  org.springframework.boot.web.embedded.tomcat.TomcatWebServer - Tomcat initialized with port 90 (http)
2025-04-17 23:49:35.781 [restartedMain] INFO  org.apache.coyote.http11.Http11NioProtocol - Initializing ProtocolHandler ["http-nio-90"]
2025-04-17 23:49:35.782 [restartedMain] INFO  org.apache.catalina.core.StandardService - Starting service [Tomcat]
2025-04-17 23:49:35.782 [restartedMain] INFO  org.apache.catalina.core.StandardEngine - Starting Servlet engine: [Apache Tomcat/10.1.39]
2025-04-17 23:49:35.800 [restartedMain] INFO  org.apache.catalina.core.ContainerBase.[Tomcat].[localhost].[/] - Initializing Spring embedded WebApplicationContext
2025-04-17 23:49:35.800 [restartedMain] INFO  org.springframework.boot.web.servlet.context.ServletWebServerApplicationContext - Root WebApplicationContext: initialization completed in 748 ms
2025-04-17 23:49:35.954 [restartedMain] INFO  org.hibernate.jpa.internal.util.LogHelper - HHH000204: Processing PersistenceUnitInfo [name: default]
2025-04-17 23:49:35.979 [restartedMain] INFO  org.hibernate.Version - HHH000412: Hibernate ORM core version 6.6.11.Final
2025-04-17 23:49:35.996 [restartedMain] INFO  org.hibernate.cache.internal.RegionFactoryInitiator - HHH000026: Second-level cache disabled
2025-04-17 23:49:36.140 [restartedMain] INFO  org.springframework.orm.jpa.persistenceunit.SpringPersistenceUnitInfo - No LoadTimeWeaver setup: ignoring JPA class transformer
2025-04-17 23:49:36.160 [restartedMain] INFO  com.zaxxer.hikari.HikariDataSource - HikariPool-1 - Starting...
2025-04-17 23:49:36.263 [restartedMain] INFO  com.zaxxer.hikari.pool.HikariPool - HikariPool-1 - Added connection org.postgresql.jdbc.PgConnection@12287336
2025-04-17 23:49:36.263 [restartedMain] INFO  com.zaxxer.hikari.HikariDataSource - HikariPool-1 - Start completed.
2025-04-17 23:49:36.278 [restartedMain] WARN  org.hibernate.orm.deprecation - HHH90000025: PostgreSQLDialect does not need to be specified explicitly using 'hibernate.dialect' (remove the property setting and it will be selected by default)
2025-04-17 23:49:36.284 [restartedMain] INFO  org.hibernate.orm.connections.pooling - HHH10001005: Database info:
	Database JDBC URL [Connecting through datasource 'HikariDataSource (HikariPool-1)']
	Database driver: undefined/unknown
	Database version: 17.4
	Autocommit mode: undefined/unknown
	Isolation level: undefined/unknown
	Minimum pool size: undefined/unknown
	Maximum pool size: undefined/unknown
2025-04-17 23:49:36.651 [restartedMain] INFO  org.hibernate.engine.transaction.jta.platform.internal.JtaPlatformInitiator - HHH000489: No JTA platform available (set 'hibernate.transaction.jta.platform' to enable JTA platform integration)
2025-04-17 23:49:36.826 [restartedMain] INFO  org.springframework.orm.jpa.LocalContainerEntityManagerFactoryBean - Initialized JPA EntityManagerFactory for persistence unit 'default'
2025-04-17 23:49:37.071 [restartedMain] WARN  org.springframework.boot.autoconfigure.orm.jpa.JpaBaseConfiguration$JpaWebConfiguration - spring.jpa.open-in-view is enabled by default. Therefore, database queries may be performed during view rendering. Explicitly configure spring.jpa.open-in-view to disable this warning
2025-04-17 23:49:37.487 [restartedMain] INFO  org.springframework.boot.devtools.autoconfigure.OptionalLiveReloadServer - LiveReload server is running on port 35729
2025-04-17 23:49:37.491 [restartedMain] INFO  org.springframework.boot.actuate.endpoint.web.EndpointLinksResolver - Exposing 4 endpoints beneath base path '/actuator'
2025-04-17 23:49:37.509 [restartedMain] WARN  io.micrometer.core.instrument.MeterRegistry - This Gauge has been already registered (MeterId{name='jvm.buffer.count', tags=[tag(application=patient-service),tag(id=mapped)]}), the Gauge registration will be ignored. Note that subsequent logs will be logged at debug level.
2025-04-17 23:49:37.518 [restartedMain] INFO  org.apache.coyote.http11.Http11NioProtocol - Starting ProtocolHandler ["http-nio-90"]
2025-04-17 23:49:37.527 [restartedMain] INFO  org.springframework.boot.web.embedded.tomcat.TomcatWebServer - Tomcat started on port 90 (http) with context path '/'
2025-04-17 23:49:37.535 [restartedMain] INFO  com.pm.patientservice.PatientServiceApplication - Started PatientServiceApplication in 4.197 seconds (process running for 4.769)
2025-04-17 23:49:37.911 [RMI TCP Connection(4)-192.168.1.37] INFO  org.apache.catalina.core.ContainerBase.[Tomcat].[localhost].[/] - Initializing Spring DispatcherServlet 'dispatcherServlet'
2025-04-17 23:49:37.911 [RMI TCP Connection(4)-192.168.1.37] INFO  org.springframework.web.servlet.DispatcherServlet - Initializing Servlet 'dispatcherServlet'
2025-04-17 23:49:37.912 [RMI TCP Connection(4)-192.168.1.37] INFO  org.springframework.web.servlet.DispatcherServlet - Completed initialization in 1 ms
2025-04-17 23:51:49.223 [SpringApplicationShutdownHook] INFO  org.springframework.boot.web.embedded.tomcat.GracefulShutdown - Commencing graceful shutdown. Waiting for active requests to complete
2025-04-17 23:51:49.233 [tomcat-shutdown] INFO  org.springframework.boot.web.embedded.tomcat.GracefulShutdown - Graceful shutdown complete
2025-04-17 23:51:49.239 [SpringApplicationShutdownHook] INFO  org.springframework.orm.jpa.LocalContainerEntityManagerFactoryBean - Closing JPA EntityManagerFactory for persistence unit 'default'
2025-04-17 23:51:49.242 [SpringApplicationShutdownHook] INFO  com.zaxxer.hikari.HikariDataSource - HikariPool-1 - Shutdown initiated...
2025-04-17 23:51:49.243 [SpringApplicationShutdownHook] INFO  com.zaxxer.hikari.HikariDataSource - HikariPool-1 - Shutdown completed.
2025-04-17 23:51:52.754 [background-preinit] INFO  org.hibernate.validator.internal.util.Version - HV000001: Hibernate Validator 8.0.2.Final
2025-04-17 23:51:52.769 [restartedMain] INFO  com.pm.patientservice.PatientServiceApplication - Starting PatientServiceApplication using Java 17.0.12 with PID 52077 (/Users/martinjjooga/Java Projects/MediTrack/patient-service/target/classes started by martinjjooga in /Users/martinjjooga/Java Projects/MediTrack)
2025-04-17 23:51:52.770 [restartedMain] DEBUG com.pm.patientservice.PatientServiceApplication - Running with Spring Boot v3.4.4, Spring v6.2.5
2025-04-17 23:51:52.771 [restartedMain] INFO  com.pm.patientservice.PatientServiceApplication - The following 2 profiles are active: "infrastructure", "dev"
2025-04-17 23:51:52.786 [restartedMain] INFO  org.springframework.boot.devtools.env.DevToolsPropertyDefaultsPostProcessor - Devtools property defaults active! Set 'spring.devtools.add-properties' to 'false' to disable
2025-04-17 23:51:52.787 [restartedMain] INFO  org.springframework.boot.devtools.env.DevToolsPropertyDefaultsPostProcessor - For additional web related logging consider setting the 'logging.level.web' property to 'DEBUG'
2025-04-17 23:51:52.791 [restartedMain] INFO  org.springframework.boot.docker.compose.lifecycle.DockerComposeLifecycleManager - Using Docker Compose file /Users/martinjjooga/Java Projects/MediTrack/compose.yaml
2025-04-17 23:51:53.201 [OutputReader-stderr] INFO  org.springframework.boot.docker.compose.core.DockerCli -  Container meditrack-postgres-1  Created
2025-04-17 23:51:53.208 [OutputReader-stderr] INFO  org.springframework.boot.docker.compose.core.DockerCli -  Container meditrack-postgres-1  Starting
2025-04-17 23:51:53.320 [OutputReader-stderr] INFO  org.springframework.boot.docker.compose.core.DockerCli -  Container meditrack-postgres-1  Started
2025-04-17 23:51:53.320 [OutputReader-stderr] INFO  org.springframework.boot.docker.compose.core.DockerCli -  Container meditrack-postgres-1  Waiting
2025-04-17 23:51:53.823 [OutputReader-stderr] INFO  org.springframework.boot.docker.compose.core.DockerCli -  Container meditrack-postgres-1  Healthy
2025-04-17 23:51:54.722 [restartedMain] INFO  org.springframework.data.repository.config.RepositoryConfigurationDelegate - Bootstrapping Spring Data JPA repositories in DEFAULT mode.
2025-04-17 23:51:54.741 [restartedMain] INFO  org.springframework.data.repository.config.RepositoryConfigurationDelegate - Finished Spring Data repository scanning in 14 ms. Found 1 JPA repository interface.
2025-04-17 23:51:55.007 [restartedMain] INFO  org.springframework.boot.web.embedded.tomcat.TomcatWebServer - Tomcat initialized with port 80 (http)
2025-04-17 23:51:55.012 [restartedMain] INFO  org.apache.coyote.http11.Http11NioProtocol - Initializing ProtocolHandler ["http-nio-80"]
2025-04-17 23:51:55.012 [restartedMain] INFO  org.apache.catalina.core.StandardService - Starting service [Tomcat]
2025-04-17 23:51:55.012 [restartedMain] INFO  org.apache.catalina.core.StandardEngine - Starting Servlet engine: [Apache Tomcat/10.1.39]
2025-04-17 23:51:55.028 [restartedMain] INFO  org.apache.catalina.core.ContainerBase.[Tomcat].[localhost].[/] - Initializing Spring embedded WebApplicationContext
2025-04-17 23:51:55.028 [restartedMain] INFO  org.springframework.boot.web.servlet.context.ServletWebServerApplicationContext - Root WebApplicationContext: initialization completed in 888 ms
2025-04-17 23:51:55.166 [restartedMain] INFO  org.hibernate.jpa.internal.util.LogHelper - HHH000204: Processing PersistenceUnitInfo [name: default]
2025-04-17 23:51:55.183 [restartedMain] INFO  org.hibernate.Version - HHH000412: Hibernate ORM core version 6.6.11.Final
2025-04-17 23:51:55.193 [restartedMain] INFO  org.hibernate.cache.internal.RegionFactoryInitiator - HHH000026: Second-level cache disabled
2025-04-17 23:51:55.290 [restartedMain] INFO  org.springframework.orm.jpa.persistenceunit.SpringPersistenceUnitInfo - No LoadTimeWeaver setup: ignoring JPA class transformer
2025-04-17 23:51:55.301 [restartedMain] INFO  com.zaxxer.hikari.HikariDataSource - HikariPool-1 - Starting...
2025-04-17 23:51:55.359 [restartedMain] INFO  com.zaxxer.hikari.pool.HikariPool - HikariPool-1 - Added connection org.postgresql.jdbc.PgConnection@119d524b
2025-04-17 23:51:55.360 [restartedMain] INFO  com.zaxxer.hikari.HikariDataSource - HikariPool-1 - Start completed.
2025-04-17 23:51:55.375 [restartedMain] WARN  org.hibernate.orm.deprecation - HHH90000025: PostgreSQLDialect does not need to be specified explicitly using 'hibernate.dialect' (remove the property setting and it will be selected by default)
2025-04-17 23:51:55.387 [restartedMain] INFO  org.hibernate.orm.connections.pooling - HHH10001005: Database info:
	Database JDBC URL [Connecting through datasource 'HikariDataSource (HikariPool-1)']
	Database driver: undefined/unknown
	Database version: 17.4
	Autocommit mode: undefined/unknown
	Isolation level: undefined/unknown
	Minimum pool size: undefined/unknown
	Maximum pool size: undefined/unknown
2025-04-17 23:51:55.775 [restartedMain] INFO  org.hibernate.engine.transaction.jta.platform.internal.JtaPlatformInitiator - HHH000489: No JTA platform available (set 'hibernate.transaction.jta.platform' to enable JTA platform integration)
2025-04-17 23:51:55.892 [restartedMain] INFO  org.springframework.orm.jpa.LocalContainerEntityManagerFactoryBean - Initialized JPA EntityManagerFactory for persistence unit 'default'
2025-04-17 23:51:56.143 [restartedMain] WARN  org.springframework.boot.autoconfigure.orm.jpa.JpaBaseConfiguration$JpaWebConfiguration - spring.jpa.open-in-view is enabled by default. Therefore, database queries may be performed during view rendering. Explicitly configure spring.jpa.open-in-view to disable this warning
2025-04-17 23:51:56.498 [restartedMain] INFO  org.springframework.boot.devtools.autoconfigure.OptionalLiveReloadServer - LiveReload server is running on port 35729
2025-04-17 23:51:56.502 [restartedMain] INFO  org.springframework.boot.actuate.endpoint.web.EndpointLinksResolver - Exposing 4 endpoints beneath base path '/actuator'
2025-04-17 23:51:56.520 [restartedMain] WARN  io.micrometer.core.instrument.MeterRegistry - This Gauge has been already registered (MeterId{name='jvm.buffer.count', tags=[tag(application=patient-service),tag(id=mapped)]}), the Gauge registration will be ignored. Note that subsequent logs will be logged at debug level.
2025-04-17 23:51:56.530 [restartedMain] INFO  org.apache.coyote.http11.Http11NioProtocol - Starting ProtocolHandler ["http-nio-80"]
2025-04-17 23:51:56.537 [restartedMain] INFO  org.springframework.boot.web.embedded.tomcat.TomcatWebServer - Tomcat started on port 80 (http) with context path '/'
2025-04-17 23:51:56.546 [restartedMain] INFO  com.pm.patientservice.PatientServiceApplication - Started PatientServiceApplication in 3.938 seconds (process running for 4.291)
2025-04-17 23:51:56.905 [RMI TCP Connection(2)-192.168.1.37] INFO  org.apache.catalina.core.ContainerBase.[Tomcat].[localhost].[/] - Initializing Spring DispatcherServlet 'dispatcherServlet'
2025-04-17 23:51:56.906 [RMI TCP Connection(2)-192.168.1.37] INFO  org.springframework.web.servlet.DispatcherServlet - Initializing Servlet 'dispatcherServlet'
2025-04-17 23:51:56.906 [RMI TCP Connection(2)-192.168.1.37] INFO  org.springframework.web.servlet.DispatcherServlet - Completed initialization in 0 ms
