2025-04-18 00:06:21.616 [SpringApplicationShutdownHook] INFO  org.springframework.boot.web.embedded.tomcat.GracefulShutdown - Commencing graceful shutdown. Waiting for active requests to complete
2025-04-18 00:06:21.633 [tomcat-shutdown] INFO  org.springframework.boot.web.embedded.tomcat.GracefulShutdown - Graceful shutdown complete
2025-04-18 00:06:21.641 [SpringApplicationShutdownHook] INFO  org.springframework.orm.jpa.LocalContainerEntityManagerFactoryBean - Closing JPA EntityManagerFactory for persistence unit 'default'
2025-04-18 00:06:21.646 [SpringApplicationShutdownHook] INFO  com.zaxxer.hikari.HikariDataSource - HikariPool-1 - Shutdown initiated...
2025-04-18 00:06:21.647 [SpringApplicationShutdownHook] INFO  com.zaxxer.hikari.HikariDataSource - HikariPool-1 - Shutdown completed.
2025-04-18 01:06:13.972 [background-preinit] INFO  org.hibernate.validator.internal.util.Version - HV000001: Hibernate Validator 8.0.2.Final
2025-04-18 01:06:13.992 [restartedMain] INFO  com.pm.patientservice.PatientServiceApplication - Starting PatientServiceApplication using Java 17.0.12 with PID 57134 (/Users/martinjjooga/Java Projects/MediTrack/patient-service/target/classes started by martinjjooga in /Users/martinjjooga/Java Projects/MediTrack)
2025-04-18 01:06:13.993 [restartedMain] DEBUG com.pm.patientservice.PatientServiceApplication - Running with Spring Boot v3.4.4, Spring v6.2.5
2025-04-18 01:06:13.993 [restartedMain] INFO  com.pm.patientservice.PatientServiceApplication - The following 2 profiles are active: "infrastructure", "dev"
2025-04-18 01:06:14.012 [restartedMain] INFO  org.springframework.boot.devtools.env.DevToolsPropertyDefaultsPostProcessor - Devtools property defaults active! Set 'spring.devtools.add-properties' to 'false' to disable
2025-04-18 01:06:14.012 [restartedMain] INFO  org.springframework.boot.devtools.env.DevToolsPropertyDefaultsPostProcessor - For additional web related logging consider setting the 'logging.level.web' property to 'DEBUG'
2025-04-18 01:06:14.016 [restartedMain] INFO  org.springframework.boot.docker.compose.lifecycle.DockerComposeLifecycleManager - Using Docker Compose file /Users/martinjjooga/Java Projects/MediTrack/compose.yaml
2025-04-18 01:06:14.740 [OutputReader-stderr] INFO  org.springframework.boot.docker.compose.core.DockerCli -  Container meditrack-postgres-1  Created
2025-04-18 01:06:14.757 [OutputReader-stderr] INFO  org.springframework.boot.docker.compose.core.DockerCli -  Container meditrack-postgres-1  Starting
2025-04-18 01:06:14.939 [OutputReader-stderr] INFO  org.springframework.boot.docker.compose.core.DockerCli -  Container meditrack-postgres-1  Started
2025-04-18 01:06:14.939 [OutputReader-stderr] INFO  org.springframework.boot.docker.compose.core.DockerCli -  Container meditrack-postgres-1  Waiting
2025-04-18 01:06:15.442 [OutputReader-stderr] INFO  org.springframework.boot.docker.compose.core.DockerCli -  Container meditrack-postgres-1  Healthy
2025-04-18 01:06:16.294 [restartedMain] INFO  org.springframework.data.repository.config.RepositoryConfigurationDelegate - Bootstrapping Spring Data JPA repositories in DEFAULT mode.
2025-04-18 01:06:16.317 [restartedMain] INFO  org.springframework.data.repository.config.RepositoryConfigurationDelegate - Finished Spring Data repository scanning in 19 ms. Found 1 JPA repository interface.
2025-04-18 01:06:16.667 [restartedMain] INFO  org.springframework.boot.web.embedded.tomcat.TomcatWebServer - Tomcat initialized with port 80 (http)
2025-04-18 01:06:16.672 [restartedMain] INFO  org.apache.coyote.http11.Http11NioProtocol - Initializing ProtocolHandler ["http-nio-80"]
2025-04-18 01:06:16.673 [restartedMain] INFO  org.apache.catalina.core.StandardService - Starting service [Tomcat]
2025-04-18 01:06:16.673 [restartedMain] INFO  org.apache.catalina.core.StandardEngine - Starting Servlet engine: [Apache Tomcat/10.1.39]
2025-04-18 01:06:16.691 [restartedMain] INFO  org.apache.catalina.core.ContainerBase.[Tomcat].[localhost].[/] - Initializing Spring embedded WebApplicationContext
2025-04-18 01:06:16.691 [restartedMain] INFO  org.springframework.boot.web.servlet.context.ServletWebServerApplicationContext - Root WebApplicationContext: initialization completed in 926 ms
2025-04-18 01:06:16.890 [restartedMain] INFO  org.hibernate.jpa.internal.util.LogHelper - HHH000204: Processing PersistenceUnitInfo [name: default]
2025-04-18 01:06:16.924 [restartedMain] INFO  org.hibernate.Version - HHH000412: Hibernate ORM core version 6.6.11.Final
2025-04-18 01:06:16.939 [restartedMain] INFO  org.hibernate.cache.internal.RegionFactoryInitiator - HHH000026: Second-level cache disabled
2025-04-18 01:06:17.032 [restartedMain] INFO  org.springframework.orm.jpa.persistenceunit.SpringPersistenceUnitInfo - No LoadTimeWeaver setup: ignoring JPA class transformer
2025-04-18 01:06:17.045 [restartedMain] INFO  com.zaxxer.hikari.HikariDataSource - HikariPool-1 - Starting...
2025-04-18 01:06:17.141 [restartedMain] INFO  com.zaxxer.hikari.pool.HikariPool - HikariPool-1 - Added connection org.postgresql.jdbc.PgConnection@70a93fd9
2025-04-18 01:06:17.141 [restartedMain] INFO  com.zaxxer.hikari.HikariDataSource - HikariPool-1 - Start completed.
2025-04-18 01:06:17.165 [restartedMain] WARN  org.hibernate.orm.deprecation - HHH90000025: PostgreSQLDialect does not need to be specified explicitly using 'hibernate.dialect' (remove the property setting and it will be selected by default)
2025-04-18 01:06:17.174 [restartedMain] INFO  org.hibernate.orm.connections.pooling - HHH10001005: Database info:
	Database JDBC URL [Connecting through datasource 'HikariDataSource (HikariPool-1)']
	Database driver: undefined/unknown
	Database version: 17.4
	Autocommit mode: undefined/unknown
	Isolation level: undefined/unknown
	Minimum pool size: undefined/unknown
	Maximum pool size: undefined/unknown
2025-04-18 01:06:17.563 [restartedMain] INFO  org.hibernate.engine.transaction.jta.platform.internal.JtaPlatformInitiator - HHH000489: No JTA platform available (set 'hibernate.transaction.jta.platform' to enable JTA platform integration)
2025-04-18 01:06:17.907 [restartedMain] INFO  org.springframework.orm.jpa.LocalContainerEntityManagerFactoryBean - Initialized JPA EntityManagerFactory for persistence unit 'default'
2025-04-18 01:06:18.159 [restartedMain] WARN  org.springframework.boot.autoconfigure.orm.jpa.JpaBaseConfiguration$JpaWebConfiguration - spring.jpa.open-in-view is enabled by default. Therefore, database queries may be performed during view rendering. Explicitly configure spring.jpa.open-in-view to disable this warning
2025-04-18 01:06:18.584 [restartedMain] INFO  org.springframework.boot.devtools.autoconfigure.OptionalLiveReloadServer - LiveReload server is running on port 35729
2025-04-18 01:06:18.588 [restartedMain] INFO  org.springframework.boot.actuate.endpoint.web.EndpointLinksResolver - Exposing 4 endpoints beneath base path '/actuator'
2025-04-18 01:06:18.608 [restartedMain] WARN  io.micrometer.core.instrument.MeterRegistry - This Gauge has been already registered (MeterId{name='jvm.buffer.count', tags=[tag(application=patient-service),tag(id=mapped)]}), the Gauge registration will be ignored. Note that subsequent logs will be logged at debug level.
2025-04-18 01:06:18.617 [restartedMain] INFO  org.apache.coyote.http11.Http11NioProtocol - Starting ProtocolHandler ["http-nio-80"]
2025-04-18 01:06:18.620 [restartedMain] WARN  org.springframework.boot.web.servlet.context.AnnotationConfigServletWebServerApplicationContext - Exception encountered during context initialization - cancelling refresh attempt: org.springframework.context.ApplicationContextException: Failed to start bean 'webServerStartStop'
2025-04-18 01:06:18.622 [restartedMain] INFO  org.springframework.orm.jpa.LocalContainerEntityManagerFactoryBean - Closing JPA EntityManagerFactory for persistence unit 'default'
2025-04-18 01:06:18.623 [restartedMain] INFO  com.zaxxer.hikari.HikariDataSource - HikariPool-1 - Shutdown initiated...
2025-04-18 01:06:18.624 [restartedMain] INFO  com.zaxxer.hikari.HikariDataSource - HikariPool-1 - Shutdown completed.
2025-04-18 01:06:18.639 [restartedMain] INFO  org.springframework.boot.autoconfigure.logging.ConditionEvaluationReportLogger - 

Error starting ApplicationContext. To display the condition evaluation report re-run your application with 'debug' enabled.
2025-04-18 01:06:18.648 [restartedMain] ERROR org.springframework.boot.diagnostics.LoggingFailureAnalysisReporter - 

***************************
APPLICATION FAILED TO START
***************************

Description:

Web server failed to start. Port 80 was already in use.

Action:

Identify and stop the process that's listening on port 80 or configure this application to listen on another port.

2025-04-18 01:41:52.253 [background-preinit] INFO  org.hibernate.validator.internal.util.Version - HV000001: Hibernate Validator 8.0.2.Final
2025-04-18 01:41:52.270 [restartedMain] INFO  com.pm.patientservice.PatientServiceApplication - Starting PatientServiceApplication using Java 17.0.12 with PID 59290 (/Users/martinjjooga/Java Projects/MediTrack/patient-service/target/classes started by martinjjooga in /Users/martinjjooga/Java Projects/MediTrack)
2025-04-18 01:41:52.272 [restartedMain] DEBUG com.pm.patientservice.PatientServiceApplication - Running with Spring Boot v3.4.4, Spring v6.2.5
2025-04-18 01:41:52.272 [restartedMain] INFO  com.pm.patientservice.PatientServiceApplication - The following 2 profiles are active: "infrastructure", "dev"
2025-04-18 01:41:52.286 [restartedMain] INFO  org.springframework.boot.devtools.env.DevToolsPropertyDefaultsPostProcessor - Devtools property defaults active! Set 'spring.devtools.add-properties' to 'false' to disable
2025-04-18 01:41:52.286 [restartedMain] INFO  org.springframework.boot.devtools.env.DevToolsPropertyDefaultsPostProcessor - For additional web related logging consider setting the 'logging.level.web' property to 'DEBUG'
2025-04-18 01:41:52.291 [restartedMain] INFO  org.springframework.boot.docker.compose.lifecycle.DockerComposeLifecycleManager - Using Docker Compose file /Users/martinjjooga/Java Projects/MediTrack/compose.yaml
2025-04-18 01:41:52.908 [OutputReader-stderr] INFO  org.springframework.boot.docker.compose.core.DockerCli -  Container meditrack-postgres-1  Created
2025-04-18 01:41:52.926 [OutputReader-stderr] INFO  org.springframework.boot.docker.compose.core.DockerCli -  Container meditrack-postgres-1  Starting
2025-04-18 01:41:53.069 [OutputReader-stderr] INFO  org.springframework.boot.docker.compose.core.DockerCli -  Container meditrack-postgres-1  Started
2025-04-18 01:41:53.070 [OutputReader-stderr] INFO  org.springframework.boot.docker.compose.core.DockerCli -  Container meditrack-postgres-1  Waiting
2025-04-18 01:41:53.573 [OutputReader-stderr] INFO  org.springframework.boot.docker.compose.core.DockerCli -  Container meditrack-postgres-1  Healthy
2025-04-18 01:41:54.342 [restartedMain] INFO  org.springframework.data.repository.config.RepositoryConfigurationDelegate - Bootstrapping Spring Data JPA repositories in DEFAULT mode.
2025-04-18 01:41:54.365 [restartedMain] INFO  org.springframework.data.repository.config.RepositoryConfigurationDelegate - Finished Spring Data repository scanning in 18 ms. Found 1 JPA repository interface.
2025-04-18 01:41:54.695 [restartedMain] INFO  org.springframework.boot.web.embedded.tomcat.TomcatWebServer - Tomcat initialized with port 80 (http)
2025-04-18 01:41:54.700 [restartedMain] INFO  org.apache.coyote.http11.Http11NioProtocol - Initializing ProtocolHandler ["http-nio-80"]
2025-04-18 01:41:54.701 [restartedMain] INFO  org.apache.catalina.core.StandardService - Starting service [Tomcat]
2025-04-18 01:41:54.701 [restartedMain] INFO  org.apache.catalina.core.StandardEngine - Starting Servlet engine: [Apache Tomcat/10.1.39]
2025-04-18 01:41:54.719 [restartedMain] INFO  org.apache.catalina.core.ContainerBase.[Tomcat].[localhost].[/] - Initializing Spring embedded WebApplicationContext
2025-04-18 01:41:54.719 [restartedMain] INFO  org.springframework.boot.web.servlet.context.ServletWebServerApplicationContext - Root WebApplicationContext: initialization completed in 820 ms
2025-04-18 01:41:54.872 [restartedMain] INFO  org.hibernate.jpa.internal.util.LogHelper - HHH000204: Processing PersistenceUnitInfo [name: default]
2025-04-18 01:41:54.896 [restartedMain] INFO  org.hibernate.Version - HHH000412: Hibernate ORM core version 6.6.11.Final
2025-04-18 01:41:54.914 [restartedMain] INFO  org.hibernate.cache.internal.RegionFactoryInitiator - HHH000026: Second-level cache disabled
2025-04-18 01:41:55.022 [restartedMain] INFO  org.springframework.orm.jpa.persistenceunit.SpringPersistenceUnitInfo - No LoadTimeWeaver setup: ignoring JPA class transformer
2025-04-18 01:41:55.035 [restartedMain] INFO  com.zaxxer.hikari.HikariDataSource - HikariPool-1 - Starting...
2025-04-18 01:41:55.120 [restartedMain] INFO  com.zaxxer.hikari.pool.HikariPool - HikariPool-1 - Added connection org.postgresql.jdbc.PgConnection@410cc53
2025-04-18 01:41:55.121 [restartedMain] INFO  com.zaxxer.hikari.HikariDataSource - HikariPool-1 - Start completed.
2025-04-18 01:41:55.141 [restartedMain] WARN  org.hibernate.orm.deprecation - HHH90000025: PostgreSQLDialect does not need to be specified explicitly using 'hibernate.dialect' (remove the property setting and it will be selected by default)
2025-04-18 01:41:55.150 [restartedMain] INFO  org.hibernate.orm.connections.pooling - HHH10001005: Database info:
	Database JDBC URL [Connecting through datasource 'HikariDataSource (HikariPool-1)']
	Database driver: undefined/unknown
	Database version: 17.4
	Autocommit mode: undefined/unknown
	Isolation level: undefined/unknown
	Minimum pool size: undefined/unknown
	Maximum pool size: undefined/unknown
2025-04-18 01:41:55.552 [restartedMain] INFO  org.hibernate.engine.transaction.jta.platform.internal.JtaPlatformInitiator - HHH000489: No JTA platform available (set 'hibernate.transaction.jta.platform' to enable JTA platform integration)
2025-04-18 01:41:55.745 [restartedMain] INFO  org.springframework.orm.jpa.LocalContainerEntityManagerFactoryBean - Initialized JPA EntityManagerFactory for persistence unit 'default'
2025-04-18 01:41:55.995 [restartedMain] WARN  org.springframework.boot.autoconfigure.orm.jpa.JpaBaseConfiguration$JpaWebConfiguration - spring.jpa.open-in-view is enabled by default. Therefore, database queries may be performed during view rendering. Explicitly configure spring.jpa.open-in-view to disable this warning
2025-04-18 01:41:56.421 [restartedMain] INFO  org.springframework.boot.devtools.autoconfigure.OptionalLiveReloadServer - LiveReload server is running on port 35729
2025-04-18 01:41:56.426 [restartedMain] INFO  org.springframework.boot.actuate.endpoint.web.EndpointLinksResolver - Exposing 4 endpoints beneath base path '/actuator'
2025-04-18 01:41:56.446 [restartedMain] WARN  io.micrometer.core.instrument.MeterRegistry - This Gauge has been already registered (MeterId{name='jvm.buffer.count', tags=[tag(application=patient-service),tag(id=mapped)]}), the Gauge registration will be ignored. Note that subsequent logs will be logged at debug level.
2025-04-18 01:41:56.453 [restartedMain] INFO  org.apache.coyote.http11.Http11NioProtocol - Starting ProtocolHandler ["http-nio-80"]
2025-04-18 01:41:56.460 [restartedMain] INFO  org.springframework.boot.web.embedded.tomcat.TomcatWebServer - Tomcat started on port 80 (http) with context path '/'
2025-04-18 01:41:56.469 [restartedMain] INFO  com.pm.patientservice.PatientServiceApplication - Started PatientServiceApplication in 4.324 seconds (process running for 4.721)
2025-04-18 01:41:56.905 [RMI TCP Connection(1)-192.168.1.37] INFO  org.apache.catalina.core.ContainerBase.[Tomcat].[localhost].[/] - Initializing Spring DispatcherServlet 'dispatcherServlet'
2025-04-18 01:41:56.905 [RMI TCP Connection(1)-192.168.1.37] INFO  org.springframework.web.servlet.DispatcherServlet - Initializing Servlet 'dispatcherServlet'
2025-04-18 01:41:56.906 [RMI TCP Connection(1)-192.168.1.37] INFO  org.springframework.web.servlet.DispatcherServlet - Completed initialization in 1 ms
2025-04-18 01:42:18.592 [http-nio-80-exec-1] WARN  org.springframework.web.servlet.mvc.method.annotation.ExceptionHandlerExceptionResolver - Resolved [jakarta.servlet.ServletException: Handler dispatch failed: java.lang.NoSuchMethodError: 'void org.springframework.web.method.ControllerAdviceBean.<init>(java.lang.Object)']
2025-04-18 01:42:44.941 [http-nio-80-exec-2] WARN  org.springframework.web.servlet.mvc.method.annotation.ExceptionHandlerExceptionResolver - Resolved [org.springframework.web.servlet.resource.NoResourceFoundException: No static resource api/api-docs.]
2025-04-18 01:43:02.441 [http-nio-80-exec-3] WARN  org.springframework.web.servlet.mvc.method.annotation.ExceptionHandlerExceptionResolver - Resolved [org.springframework.web.servlet.resource.NoResourceFoundException: No static resource api/api-docs.]
2025-04-18 01:43:08.254 [http-nio-80-exec-4] WARN  org.springframework.web.servlet.mvc.method.annotation.ExceptionHandlerExceptionResolver - Resolved [org.springframework.web.servlet.resource.NoResourceFoundException: No static resource api/swagger-ui/index.html.]
2025-04-18 01:43:39.061 [SpringApplicationShutdownHook] INFO  org.springframework.boot.web.embedded.tomcat.GracefulShutdown - Commencing graceful shutdown. Waiting for active requests to complete
2025-04-18 01:43:39.065 [tomcat-shutdown] INFO  org.springframework.boot.web.embedded.tomcat.GracefulShutdown - Graceful shutdown complete
2025-04-18 01:43:39.074 [SpringApplicationShutdownHook] INFO  org.springframework.orm.jpa.LocalContainerEntityManagerFactoryBean - Closing JPA EntityManagerFactory for persistence unit 'default'
2025-04-18 01:43:39.078 [SpringApplicationShutdownHook] INFO  com.zaxxer.hikari.HikariDataSource - HikariPool-1 - Shutdown initiated...
2025-04-18 01:43:39.079 [SpringApplicationShutdownHook] INFO  com.zaxxer.hikari.HikariDataSource - HikariPool-1 - Shutdown completed.
2025-04-18 01:43:42.107 [background-preinit] INFO  org.hibernate.validator.internal.util.Version - HV000001: Hibernate Validator 8.0.2.Final
2025-04-18 01:43:42.120 [restartedMain] INFO  com.pm.patientservice.PatientServiceApplication - Starting PatientServiceApplication using Java 17.0.12 with PID 59383 (/Users/martinjjooga/Java Projects/MediTrack/patient-service/target/classes started by martinjjooga in /Users/martinjjooga/Java Projects/MediTrack)
2025-04-18 01:43:42.121 [restartedMain] DEBUG com.pm.patientservice.PatientServiceApplication - Running with Spring Boot v3.4.4, Spring v6.2.5
2025-04-18 01:43:42.121 [restartedMain] INFO  com.pm.patientservice.PatientServiceApplication - The following 2 profiles are active: "infrastructure", "dev"
2025-04-18 01:43:42.133 [restartedMain] INFO  org.springframework.boot.devtools.env.DevToolsPropertyDefaultsPostProcessor - Devtools property defaults active! Set 'spring.devtools.add-properties' to 'false' to disable
2025-04-18 01:43:42.134 [restartedMain] INFO  org.springframework.boot.devtools.env.DevToolsPropertyDefaultsPostProcessor - For additional web related logging consider setting the 'logging.level.web' property to 'DEBUG'
2025-04-18 01:43:42.138 [restartedMain] INFO  org.springframework.boot.docker.compose.lifecycle.DockerComposeLifecycleManager - Using Docker Compose file /Users/martinjjooga/Java Projects/MediTrack/compose.yaml
2025-04-18 01:43:42.476 [OutputReader-stderr] INFO  org.springframework.boot.docker.compose.core.DockerCli -  Container meditrack-postgres-1  Created
2025-04-18 01:43:42.482 [OutputReader-stderr] INFO  org.springframework.boot.docker.compose.core.DockerCli -  Container meditrack-postgres-1  Starting
2025-04-18 01:43:42.614 [OutputReader-stderr] INFO  org.springframework.boot.docker.compose.core.DockerCli -  Container meditrack-postgres-1  Started
2025-04-18 01:43:42.614 [OutputReader-stderr] INFO  org.springframework.boot.docker.compose.core.DockerCli -  Container meditrack-postgres-1  Waiting
2025-04-18 01:43:43.118 [OutputReader-stderr] INFO  org.springframework.boot.docker.compose.core.DockerCli -  Container meditrack-postgres-1  Healthy
2025-04-18 01:43:43.879 [restartedMain] INFO  org.springframework.data.repository.config.RepositoryConfigurationDelegate - Bootstrapping Spring Data JPA repositories in DEFAULT mode.
2025-04-18 01:43:43.899 [restartedMain] INFO  org.springframework.data.repository.config.RepositoryConfigurationDelegate - Finished Spring Data repository scanning in 16 ms. Found 1 JPA repository interface.
2025-04-18 01:43:44.213 [restartedMain] INFO  org.springframework.boot.web.embedded.tomcat.TomcatWebServer - Tomcat initialized with port 80 (http)
2025-04-18 01:43:44.219 [restartedMain] INFO  org.apache.coyote.http11.Http11NioProtocol - Initializing ProtocolHandler ["http-nio-80"]
2025-04-18 01:43:44.220 [restartedMain] INFO  org.apache.catalina.core.StandardService - Starting service [Tomcat]
2025-04-18 01:43:44.220 [restartedMain] INFO  org.apache.catalina.core.StandardEngine - Starting Servlet engine: [Apache Tomcat/10.1.39]
2025-04-18 01:43:44.238 [restartedMain] INFO  org.apache.catalina.core.ContainerBase.[Tomcat].[localhost].[/] - Initializing Spring embedded WebApplicationContext
2025-04-18 01:43:44.238 [restartedMain] INFO  org.springframework.boot.web.servlet.context.ServletWebServerApplicationContext - Root WebApplicationContext: initialization completed in 801 ms
2025-04-18 01:43:44.391 [restartedMain] INFO  org.hibernate.jpa.internal.util.LogHelper - HHH000204: Processing PersistenceUnitInfo [name: default]
2025-04-18 01:43:44.410 [restartedMain] INFO  org.hibernate.Version - HHH000412: Hibernate ORM core version 6.6.11.Final
2025-04-18 01:43:44.425 [restartedMain] INFO  org.hibernate.cache.internal.RegionFactoryInitiator - HHH000026: Second-level cache disabled
2025-04-18 01:43:44.537 [restartedMain] INFO  org.springframework.orm.jpa.persistenceunit.SpringPersistenceUnitInfo - No LoadTimeWeaver setup: ignoring JPA class transformer
2025-04-18 01:43:44.548 [restartedMain] INFO  com.zaxxer.hikari.HikariDataSource - HikariPool-1 - Starting...
2025-04-18 01:43:44.607 [restartedMain] INFO  com.zaxxer.hikari.pool.HikariPool - HikariPool-1 - Added connection org.postgresql.jdbc.PgConnection@2f37f0ac
2025-04-18 01:43:44.608 [restartedMain] INFO  com.zaxxer.hikari.HikariDataSource - HikariPool-1 - Start completed.
2025-04-18 01:43:44.621 [restartedMain] WARN  org.hibernate.orm.deprecation - HHH90000025: PostgreSQLDialect does not need to be specified explicitly using 'hibernate.dialect' (remove the property setting and it will be selected by default)
2025-04-18 01:43:44.628 [restartedMain] INFO  org.hibernate.orm.connections.pooling - HHH10001005: Database info:
	Database JDBC URL [Connecting through datasource 'HikariDataSource (HikariPool-1)']
	Database driver: undefined/unknown
	Database version: 17.4
	Autocommit mode: undefined/unknown
	Isolation level: undefined/unknown
	Minimum pool size: undefined/unknown
	Maximum pool size: undefined/unknown
2025-04-18 01:43:44.973 [restartedMain] INFO  org.hibernate.engine.transaction.jta.platform.internal.JtaPlatformInitiator - HHH000489: No JTA platform available (set 'hibernate.transaction.jta.platform' to enable JTA platform integration)
2025-04-18 01:43:45.209 [restartedMain] INFO  org.springframework.orm.jpa.LocalContainerEntityManagerFactoryBean - Initialized JPA EntityManagerFactory for persistence unit 'default'
2025-04-18 01:43:45.646 [restartedMain] WARN  org.springframework.boot.autoconfigure.orm.jpa.JpaBaseConfiguration$JpaWebConfiguration - spring.jpa.open-in-view is enabled by default. Therefore, database queries may be performed during view rendering. Explicitly configure spring.jpa.open-in-view to disable this warning
2025-04-18 01:43:46.131 [restartedMain] INFO  org.springframework.boot.devtools.autoconfigure.OptionalLiveReloadServer - LiveReload server is running on port 35729
2025-04-18 01:43:46.136 [restartedMain] INFO  org.springframework.boot.actuate.endpoint.web.EndpointLinksResolver - Exposing 4 endpoints beneath base path '/actuator'
2025-04-18 01:43:46.156 [restartedMain] WARN  io.micrometer.core.instrument.MeterRegistry - This Gauge has been already registered (MeterId{name='jvm.buffer.count', tags=[tag(application=patient-service),tag(id=mapped)]}), the Gauge registration will be ignored. Note that subsequent logs will be logged at debug level.
2025-04-18 01:43:46.164 [restartedMain] INFO  org.apache.coyote.http11.Http11NioProtocol - Starting ProtocolHandler ["http-nio-80"]
2025-04-18 01:43:46.173 [restartedMain] INFO  org.springframework.boot.web.embedded.tomcat.TomcatWebServer - Tomcat started on port 80 (http) with context path '/'
2025-04-18 01:43:46.182 [restartedMain] INFO  com.pm.patientservice.PatientServiceApplication - Started PatientServiceApplication in 4.177 seconds (process running for 4.591)
2025-04-18 01:43:46.432 [RMI TCP Connection(2)-192.168.1.37] INFO  org.apache.catalina.core.ContainerBase.[Tomcat].[localhost].[/] - Initializing Spring DispatcherServlet 'dispatcherServlet'
2025-04-18 01:43:46.433 [RMI TCP Connection(2)-192.168.1.37] INFO  org.springframework.web.servlet.DispatcherServlet - Initializing Servlet 'dispatcherServlet'
2025-04-18 01:43:46.433 [RMI TCP Connection(2)-192.168.1.37] INFO  org.springframework.web.servlet.DispatcherServlet - Completed initialization in 0 ms
2025-04-18 01:43:48.511 [http-nio-80-exec-1] WARN  org.springframework.web.servlet.mvc.method.annotation.ExceptionHandlerExceptionResolver - Resolved [jakarta.servlet.ServletException: Handler dispatch failed: java.lang.NoSuchMethodError: 'void org.springframework.web.method.ControllerAdviceBean.<init>(java.lang.Object)']
2025-04-18 01:44:41.400 [SpringApplicationShutdownHook] INFO  org.springframework.boot.web.embedded.tomcat.GracefulShutdown - Commencing graceful shutdown. Waiting for active requests to complete
2025-04-18 01:44:41.407 [tomcat-shutdown] INFO  org.springframework.boot.web.embedded.tomcat.GracefulShutdown - Graceful shutdown complete
2025-04-18 01:44:41.417 [SpringApplicationShutdownHook] INFO  org.springframework.orm.jpa.LocalContainerEntityManagerFactoryBean - Closing JPA EntityManagerFactory for persistence unit 'default'
2025-04-18 01:44:41.423 [SpringApplicationShutdownHook] INFO  com.zaxxer.hikari.HikariDataSource - HikariPool-1 - Shutdown initiated...
2025-04-18 01:44:41.426 [SpringApplicationShutdownHook] INFO  com.zaxxer.hikari.HikariDataSource - HikariPool-1 - Shutdown completed.
2025-04-18 01:44:44.586 [background-preinit] INFO  org.hibernate.validator.internal.util.Version - HV000001: Hibernate Validator 8.0.2.Final
2025-04-18 01:44:44.600 [restartedMain] INFO  com.pm.patientservice.PatientServiceApplication - Starting PatientServiceApplication using Java 17.0.12 with PID 59449 (/Users/martinjjooga/Java Projects/MediTrack/patient-service/target/classes started by martinjjooga in /Users/martinjjooga/Java Projects/MediTrack)
2025-04-18 01:44:44.601 [restartedMain] DEBUG com.pm.patientservice.PatientServiceApplication - Running with Spring Boot v3.4.4, Spring v6.2.5
2025-04-18 01:44:44.602 [restartedMain] INFO  com.pm.patientservice.PatientServiceApplication - The following 2 profiles are active: "infrastructure", "dev"
2025-04-18 01:44:44.616 [restartedMain] INFO  org.springframework.boot.devtools.env.DevToolsPropertyDefaultsPostProcessor - Devtools property defaults active! Set 'spring.devtools.add-properties' to 'false' to disable
2025-04-18 01:44:44.616 [restartedMain] INFO  org.springframework.boot.devtools.env.DevToolsPropertyDefaultsPostProcessor - For additional web related logging consider setting the 'logging.level.web' property to 'DEBUG'
2025-04-18 01:44:44.621 [restartedMain] INFO  org.springframework.boot.docker.compose.lifecycle.DockerComposeLifecycleManager - Using Docker Compose file /Users/martinjjooga/Java Projects/MediTrack/compose.yaml
2025-04-18 01:44:44.935 [OutputReader-stderr] INFO  org.springframework.boot.docker.compose.core.DockerCli -  Container meditrack-postgres-1  Created
2025-04-18 01:44:44.942 [OutputReader-stderr] INFO  org.springframework.boot.docker.compose.core.DockerCli -  Container meditrack-postgres-1  Starting
2025-04-18 01:44:45.179 [OutputReader-stderr] INFO  org.springframework.boot.docker.compose.core.DockerCli -  Container meditrack-postgres-1  Started
2025-04-18 01:44:45.180 [OutputReader-stderr] INFO  org.springframework.boot.docker.compose.core.DockerCli -  Container meditrack-postgres-1  Waiting
2025-04-18 01:44:45.681 [OutputReader-stderr] INFO  org.springframework.boot.docker.compose.core.DockerCli -  Container meditrack-postgres-1  Healthy
2025-04-18 01:44:46.456 [restartedMain] INFO  org.springframework.data.repository.config.RepositoryConfigurationDelegate - Bootstrapping Spring Data JPA repositories in DEFAULT mode.
2025-04-18 01:44:46.496 [restartedMain] INFO  org.springframework.data.repository.config.RepositoryConfigurationDelegate - Finished Spring Data repository scanning in 33 ms. Found 1 JPA repository interface.
2025-04-18 01:44:46.917 [restartedMain] INFO  org.springframework.boot.web.embedded.tomcat.TomcatWebServer - Tomcat initialized with port 80 (http)
2025-04-18 01:44:46.924 [restartedMain] INFO  org.apache.coyote.http11.Http11NioProtocol - Initializing ProtocolHandler ["http-nio-80"]
2025-04-18 01:44:46.924 [restartedMain] INFO  org.apache.catalina.core.StandardService - Starting service [Tomcat]
2025-04-18 01:44:46.925 [restartedMain] INFO  org.apache.catalina.core.StandardEngine - Starting Servlet engine: [Apache Tomcat/10.1.39]
2025-04-18 01:44:46.947 [restartedMain] INFO  org.apache.catalina.core.ContainerBase.[Tomcat].[localhost].[/] - Initializing Spring embedded WebApplicationContext
2025-04-18 01:44:46.947 [restartedMain] INFO  org.springframework.boot.web.servlet.context.ServletWebServerApplicationContext - Root WebApplicationContext: initialization completed in 955 ms
2025-04-18 01:44:47.198 [restartedMain] INFO  org.hibernate.jpa.internal.util.LogHelper - HHH000204: Processing PersistenceUnitInfo [name: default]
2025-04-18 01:44:47.219 [restartedMain] INFO  org.hibernate.Version - HHH000412: Hibernate ORM core version 6.6.11.Final
2025-04-18 01:44:47.232 [restartedMain] INFO  org.hibernate.cache.internal.RegionFactoryInitiator - HHH000026: Second-level cache disabled
2025-04-18 01:44:47.313 [restartedMain] INFO  org.springframework.orm.jpa.persistenceunit.SpringPersistenceUnitInfo - No LoadTimeWeaver setup: ignoring JPA class transformer
2025-04-18 01:44:47.325 [restartedMain] INFO  com.zaxxer.hikari.HikariDataSource - HikariPool-1 - Starting...
2025-04-18 01:44:47.404 [restartedMain] INFO  com.zaxxer.hikari.pool.HikariPool - HikariPool-1 - Added connection org.postgresql.jdbc.PgConnection@f62d633
2025-04-18 01:44:47.404 [restartedMain] INFO  com.zaxxer.hikari.HikariDataSource - HikariPool-1 - Start completed.
2025-04-18 01:44:47.431 [restartedMain] WARN  org.hibernate.orm.deprecation - HHH90000025: PostgreSQLDialect does not need to be specified explicitly using 'hibernate.dialect' (remove the property setting and it will be selected by default)
2025-04-18 01:44:47.443 [restartedMain] INFO  org.hibernate.orm.connections.pooling - HHH10001005: Database info:
	Database JDBC URL [Connecting through datasource 'HikariDataSource (HikariPool-1)']
	Database driver: undefined/unknown
	Database version: 17.4
	Autocommit mode: undefined/unknown
	Isolation level: undefined/unknown
	Minimum pool size: undefined/unknown
	Maximum pool size: undefined/unknown
2025-04-18 01:44:47.813 [restartedMain] INFO  org.hibernate.engine.transaction.jta.platform.internal.JtaPlatformInitiator - HHH000489: No JTA platform available (set 'hibernate.transaction.jta.platform' to enable JTA platform integration)
2025-04-18 01:44:47.970 [restartedMain] INFO  org.springframework.orm.jpa.LocalContainerEntityManagerFactoryBean - Initialized JPA EntityManagerFactory for persistence unit 'default'
2025-04-18 01:44:48.276 [restartedMain] WARN  org.springframework.boot.autoconfigure.orm.jpa.JpaBaseConfiguration$JpaWebConfiguration - spring.jpa.open-in-view is enabled by default. Therefore, database queries may be performed during view rendering. Explicitly configure spring.jpa.open-in-view to disable this warning
2025-04-18 01:44:48.877 [restartedMain] INFO  org.springframework.boot.devtools.autoconfigure.OptionalLiveReloadServer - LiveReload server is running on port 35729
2025-04-18 01:44:48.882 [restartedMain] INFO  org.springframework.boot.actuate.endpoint.web.EndpointLinksResolver - Exposing 4 endpoints beneath base path '/actuator'
2025-04-18 01:44:48.907 [restartedMain] WARN  io.micrometer.core.instrument.MeterRegistry - This Gauge has been already registered (MeterId{name='jvm.buffer.count', tags=[tag(application=patient-service),tag(id=mapped)]}), the Gauge registration will be ignored. Note that subsequent logs will be logged at debug level.
2025-04-18 01:44:48.918 [restartedMain] INFO  org.apache.coyote.http11.Http11NioProtocol - Starting ProtocolHandler ["http-nio-80"]
2025-04-18 01:44:48.928 [restartedMain] INFO  org.springframework.boot.web.embedded.tomcat.TomcatWebServer - Tomcat started on port 80 (http) with context path '/'
2025-04-18 01:44:48.938 [restartedMain] INFO  com.pm.patientservice.PatientServiceApplication - Started PatientServiceApplication in 4.468 seconds (process running for 4.905)
2025-04-18 01:44:49.187 [RMI TCP Connection(3)-192.168.1.37] INFO  org.apache.catalina.core.ContainerBase.[Tomcat].[localhost].[/] - Initializing Spring DispatcherServlet 'dispatcherServlet'
2025-04-18 01:44:49.187 [RMI TCP Connection(3)-192.168.1.37] INFO  org.springframework.web.servlet.DispatcherServlet - Initializing Servlet 'dispatcherServlet'
2025-04-18 01:44:49.188 [RMI TCP Connection(3)-192.168.1.37] INFO  org.springframework.web.servlet.DispatcherServlet - Completed initialization in 1 ms
2025-04-18 01:44:50.219 [http-nio-80-exec-2] WARN  org.springframework.web.servlet.mvc.method.annotation.ExceptionHandlerExceptionResolver - Resolved [jakarta.servlet.ServletException: Handler dispatch failed: java.lang.NoSuchMethodError: 'void org.springframework.web.method.ControllerAdviceBean.<init>(java.lang.Object)']
2025-04-18 01:46:27.570 [SpringApplicationShutdownHook] INFO  org.springframework.boot.web.embedded.tomcat.GracefulShutdown - Commencing graceful shutdown. Waiting for active requests to complete
2025-04-18 01:46:27.574 [tomcat-shutdown] INFO  org.springframework.boot.web.embedded.tomcat.GracefulShutdown - Graceful shutdown complete
2025-04-18 01:46:27.581 [SpringApplicationShutdownHook] INFO  org.springframework.orm.jpa.LocalContainerEntityManagerFactoryBean - Closing JPA EntityManagerFactory for persistence unit 'default'
2025-04-18 01:46:27.584 [SpringApplicationShutdownHook] INFO  com.zaxxer.hikari.HikariDataSource - HikariPool-1 - Shutdown initiated...
2025-04-18 01:46:27.586 [SpringApplicationShutdownHook] INFO  com.zaxxer.hikari.HikariDataSource - HikariPool-1 - Shutdown completed.
2025-04-18 01:47:41.643 [background-preinit] INFO  org.hibernate.validator.internal.util.Version - HV000001: Hibernate Validator 8.0.2.Final
2025-04-18 01:47:41.658 [restartedMain] INFO  com.pm.patientservice.PatientServiceApplication - Starting PatientServiceApplication using Java 17.0.12 with PID 59583 (/Users/martinjjooga/Java Projects/MediTrack/patient-service/target/classes started by martinjjooga in /Users/martinjjooga/Java Projects/MediTrack)
2025-04-18 01:47:41.659 [restartedMain] DEBUG com.pm.patientservice.PatientServiceApplication - Running with Spring Boot v3.4.4, Spring v6.2.5
2025-04-18 01:47:41.659 [restartedMain] INFO  com.pm.patientservice.PatientServiceApplication - The following 2 profiles are active: "infrastructure", "dev"
2025-04-18 01:47:41.673 [restartedMain] INFO  org.springframework.boot.devtools.env.DevToolsPropertyDefaultsPostProcessor - Devtools property defaults active! Set 'spring.devtools.add-properties' to 'false' to disable
2025-04-18 01:47:41.673 [restartedMain] INFO  org.springframework.boot.devtools.env.DevToolsPropertyDefaultsPostProcessor - For additional web related logging consider setting the 'logging.level.web' property to 'DEBUG'
2025-04-18 01:47:41.678 [restartedMain] INFO  org.springframework.boot.docker.compose.lifecycle.DockerComposeLifecycleManager - Using Docker Compose file /Users/martinjjooga/Java Projects/MediTrack/compose.yaml
2025-04-18 01:47:42.227 [OutputReader-stderr] INFO  org.springframework.boot.docker.compose.core.DockerCli -  Container meditrack-postgres-1  Created
2025-04-18 01:47:42.234 [OutputReader-stderr] INFO  org.springframework.boot.docker.compose.core.DockerCli -  Container meditrack-postgres-1  Starting
2025-04-18 01:47:42.378 [OutputReader-stderr] INFO  org.springframework.boot.docker.compose.core.DockerCli -  Container meditrack-postgres-1  Started
2025-04-18 01:47:42.378 [OutputReader-stderr] INFO  org.springframework.boot.docker.compose.core.DockerCli -  Container meditrack-postgres-1  Waiting
2025-04-18 01:47:42.883 [OutputReader-stderr] INFO  org.springframework.boot.docker.compose.core.DockerCli -  Container meditrack-postgres-1  Healthy
2025-04-18 01:47:43.629 [restartedMain] INFO  org.springframework.data.repository.config.RepositoryConfigurationDelegate - Bootstrapping Spring Data JPA repositories in DEFAULT mode.
2025-04-18 01:47:43.650 [restartedMain] INFO  org.springframework.data.repository.config.RepositoryConfigurationDelegate - Finished Spring Data repository scanning in 16 ms. Found 1 JPA repository interface.
2025-04-18 01:47:43.946 [restartedMain] INFO  org.springframework.boot.web.embedded.tomcat.TomcatWebServer - Tomcat initialized with port 80 (http)
2025-04-18 01:47:43.951 [restartedMain] INFO  org.apache.coyote.http11.Http11NioProtocol - Initializing ProtocolHandler ["http-nio-80"]
2025-04-18 01:47:43.952 [restartedMain] INFO  org.apache.catalina.core.StandardService - Starting service [Tomcat]
2025-04-18 01:47:43.952 [restartedMain] INFO  org.apache.catalina.core.StandardEngine - Starting Servlet engine: [Apache Tomcat/10.1.39]
2025-04-18 01:47:43.966 [restartedMain] INFO  org.apache.catalina.core.ContainerBase.[Tomcat].[localhost].[/] - Initializing Spring embedded WebApplicationContext
2025-04-18 01:47:43.967 [restartedMain] INFO  org.springframework.boot.web.servlet.context.ServletWebServerApplicationContext - Root WebApplicationContext: initialization completed in 769 ms
2025-04-18 01:47:44.107 [restartedMain] INFO  org.hibernate.jpa.internal.util.LogHelper - HHH000204: Processing PersistenceUnitInfo [name: default]
2025-04-18 01:47:44.137 [restartedMain] INFO  org.hibernate.Version - HHH000412: Hibernate ORM core version 6.6.11.Final
2025-04-18 01:47:44.152 [restartedMain] INFO  org.hibernate.cache.internal.RegionFactoryInitiator - HHH000026: Second-level cache disabled
2025-04-18 01:47:44.289 [restartedMain] INFO  org.springframework.orm.jpa.persistenceunit.SpringPersistenceUnitInfo - No LoadTimeWeaver setup: ignoring JPA class transformer
2025-04-18 01:47:44.302 [restartedMain] INFO  com.zaxxer.hikari.HikariDataSource - HikariPool-1 - Starting...
2025-04-18 01:47:44.381 [restartedMain] INFO  com.zaxxer.hikari.pool.HikariPool - HikariPool-1 - Added connection org.postgresql.jdbc.PgConnection@70e94182
2025-04-18 01:47:44.382 [restartedMain] INFO  com.zaxxer.hikari.HikariDataSource - HikariPool-1 - Start completed.
2025-04-18 01:47:44.406 [restartedMain] WARN  org.hibernate.orm.deprecation - HHH90000025: PostgreSQLDialect does not need to be specified explicitly using 'hibernate.dialect' (remove the property setting and it will be selected by default)
2025-04-18 01:47:44.416 [restartedMain] INFO  org.hibernate.orm.connections.pooling - HHH10001005: Database info:
	Database JDBC URL [Connecting through datasource 'HikariDataSource (HikariPool-1)']
	Database driver: undefined/unknown
	Database version: 17.4
	Autocommit mode: undefined/unknown
	Isolation level: undefined/unknown
	Minimum pool size: undefined/unknown
	Maximum pool size: undefined/unknown
2025-04-18 01:47:44.964 [restartedMain] INFO  org.hibernate.engine.transaction.jta.platform.internal.JtaPlatformInitiator - HHH000489: No JTA platform available (set 'hibernate.transaction.jta.platform' to enable JTA platform integration)
2025-04-18 01:47:45.101 [restartedMain] INFO  org.springframework.orm.jpa.LocalContainerEntityManagerFactoryBean - Initialized JPA EntityManagerFactory for persistence unit 'default'
2025-04-18 01:47:45.447 [restartedMain] WARN  org.springframework.boot.autoconfigure.orm.jpa.JpaBaseConfiguration$JpaWebConfiguration - spring.jpa.open-in-view is enabled by default. Therefore, database queries may be performed during view rendering. Explicitly configure spring.jpa.open-in-view to disable this warning
2025-04-18 01:47:45.914 [restartedMain] INFO  org.springframework.boot.devtools.autoconfigure.OptionalLiveReloadServer - LiveReload server is running on port 35729
2025-04-18 01:47:45.919 [restartedMain] INFO  org.springframework.boot.actuate.endpoint.web.EndpointLinksResolver - Exposing 4 endpoints beneath base path '/actuator'
2025-04-18 01:47:45.939 [restartedMain] WARN  io.micrometer.core.instrument.MeterRegistry - This Gauge has been already registered (MeterId{name='jvm.buffer.count', tags=[tag(application=patient-service),tag(id=mapped)]}), the Gauge registration will be ignored. Note that subsequent logs will be logged at debug level.
2025-04-18 01:47:45.947 [restartedMain] INFO  org.apache.coyote.http11.Http11NioProtocol - Starting ProtocolHandler ["http-nio-80"]
2025-04-18 01:47:45.954 [restartedMain] INFO  org.springframework.boot.web.embedded.tomcat.TomcatWebServer - Tomcat started on port 80 (http) with context path '/'
2025-04-18 01:47:45.963 [restartedMain] INFO  com.pm.patientservice.PatientServiceApplication - Started PatientServiceApplication in 4.422 seconds (process running for 4.873)
2025-04-18 01:47:46.248 [RMI TCP Connection(1)-192.168.1.37] INFO  org.apache.catalina.core.ContainerBase.[Tomcat].[localhost].[/] - Initializing Spring DispatcherServlet 'dispatcherServlet'
2025-04-18 01:47:46.248 [RMI TCP Connection(1)-192.168.1.37] INFO  org.springframework.web.servlet.DispatcherServlet - Initializing Servlet 'dispatcherServlet'
2025-04-18 01:47:46.249 [RMI TCP Connection(1)-192.168.1.37] INFO  org.springframework.web.servlet.DispatcherServlet - Completed initialization in 1 ms
2025-04-18 01:47:48.258 [http-nio-80-exec-1] WARN  org.springframework.web.servlet.mvc.method.annotation.ExceptionHandlerExceptionResolver - Resolved [org.springframework.web.servlet.resource.NoResourceFoundException: No static resource api/swagger-ui/swagger-ui/swagger-initializer.js.]
2025-04-18 01:47:55.325 [http-nio-80-exec-9] WARN  org.springframework.web.servlet.mvc.method.annotation.ExceptionHandlerExceptionResolver - Resolved [jakarta.servlet.ServletException: Handler dispatch failed: java.lang.NoSuchMethodError: 'void org.springframework.web.method.ControllerAdviceBean.<init>(java.lang.Object)']
2025-04-18 01:49:01.557 [http-nio-80-exec-5] WARN  org.springframework.web.servlet.mvc.method.annotation.ExceptionHandlerExceptionResolver - Resolved [org.springframework.web.servlet.resource.NoResourceFoundException: No static resource apple-touch-icon-precomposed.png.]
2025-04-18 01:49:01.557 [http-nio-80-exec-10] WARN  org.springframework.web.servlet.mvc.method.annotation.ExceptionHandlerExceptionResolver - Resolved [org.springframework.web.servlet.resource.NoResourceFoundException: No static resource apple-touch-icon.png.]
2025-04-18 01:49:01.558 [http-nio-80-exec-1] WARN  org.springframework.web.servlet.mvc.method.annotation.ExceptionHandlerExceptionResolver - Resolved [org.springframework.web.servlet.resource.NoResourceFoundException: No static resource favicon.ico.]
2025-04-18 01:52:34.434 [SpringApplicationShutdownHook] INFO  org.springframework.boot.web.embedded.tomcat.GracefulShutdown - Commencing graceful shutdown. Waiting for active requests to complete
2025-04-18 01:52:34.437 [tomcat-shutdown] INFO  org.springframework.boot.web.embedded.tomcat.GracefulShutdown - Graceful shutdown complete
2025-04-18 01:52:34.454 [SpringApplicationShutdownHook] INFO  org.springframework.orm.jpa.LocalContainerEntityManagerFactoryBean - Closing JPA EntityManagerFactory for persistence unit 'default'
2025-04-18 01:52:34.457 [SpringApplicationShutdownHook] INFO  com.zaxxer.hikari.HikariDataSource - HikariPool-1 - Shutdown initiated...
2025-04-18 01:52:34.458 [SpringApplicationShutdownHook] INFO  com.zaxxer.hikari.HikariDataSource - HikariPool-1 - Shutdown completed.
